[ 2017-12-02T13:19:04+08:00 ] ::1 /kadun/index.php?s=/index/index.html
INFO: [ app_init ] --START--
INFO: Run Behavior\BuildLiteBehavior [ RunTime:0.000000s ]
INFO: [ app_init ] --END-- [ RunTime:0.001000s ]
INFO: [ app_begin ] --START--
INFO: Run Behavior\ReadHtmlCacheBehavior [ RunTime:0.002000s ]
INFO: Run Behavior\CheckLangBehavior [ RunTime:0.004000s ]
INFO: [ app_begin ] --END-- [ RunTime:0.006000s ]
INFO: [ action_begin ] --START--
INFO: Run Common\Behavior\InitHookBehavior [ RunTime:0.046003s ]
INFO: [ action_begin ] --END-- [ RunTime:0.046003s ]
SQL: SHOW COLUMNS FROM `ct_config` [ RunTime:0.0320s ]
SQL: SELECT `type`,`name`,`value` FROM `ct_config` WHERE `status` = 1  [ RunTime:0.0010s ]
SQL: SHOW COLUMNS FROM `ct_message` [ RunTime:0.0870s ]
SQL: SELECT COUNT(*) AS tp_count FROM `ct_message` WHERE `to_uid` = 0 AND `is_read` = 0 LIMIT 1   [ RunTime:0.0010s ]
SQL: SHOW COLUMNS FROM `ct_slider` [ RunTime:0.0150s ]
SQL: SELECT * FROM `ct_slider` WHERE `status` = 1 ORDER BY `sort` DESC, `create_time` DESC LIMIT 0,5   [ RunTime:0.0010s ]
INFO: [ view_parse ] --START--
INFO: [ template_filter ] --START--
INFO: Run Behavior\ContentReplaceBehavior [ RunTime:0.001000s ]
INFO: [ template_filter ] --END-- [ RunTime:0.001000s ]
INFO: Run Behavior\ParseTemplateBehavior [ RunTime:0.168010s ]
INFO: [ view_parse ] --END-- [ RunTime:0.168010s ]
INFO: [ view_filter ] --START--
INFO: Run Behavior\WriteHtmlCacheBehavior [ RunTime:0.009000s ]
INFO: [ view_filter ] --END-- [ RunTime:0.009000s ]
INFO: [ app_end ] --START--
INFO: Run Behavior\ShowPageTraceBehavior [ RunTime:0.002000s ]
INFO: [ app_end ] --END-- [ RunTime:0.002000s ]

