[ 2019-06-27T13:40:43+08:00 ] ::1 /huagang/index.php?s=/index/index.html
INFO: [ app_init ] --START--
INFO: Run Behavior\BuildLiteBehavior [ RunTime:0.000000s ]
INFO: [ app_init ] --END-- [ RunTime:0.045002s ]
INFO: [ app_begin ] --START--
INFO: Run Behavior\ReadHtmlCacheBehavior [ RunTime:0.019001s ]
INFO: Run Behavior\CheckLangBehavior [ RunTime:0.035002s ]
INFO: [ app_begin ] --END-- [ RunTime:0.054003s ]
INFO: [ action_begin ] --START--
INFO: Run Common\Behavior\InitHookBehavior [ RunTime:0.098006s ]
INFO: [ action_begin ] --END-- [ RunTime:0.098006s ]
SQL: SHOW COLUMNS FROM `ct_config` [ RunTime:0.0420s ]
SQL: SELECT `type`,`name`,`value` FROM `ct_config` WHERE `status` = 1  [ RunTime:0.0010s ]
SQL: SHOW COLUMNS FROM `ct_message` [ RunTime:0.0390s ]
SQL: SELECT COUNT(*) AS tp_count FROM `ct_message` WHERE `to_uid` = 0 AND `is_read` = 0 LIMIT 1   [ RunTime:0.0010s ]
SQL: SHOW COLUMNS FROM `ct_slider` [ RunTime:0.0280s ]
SQL: SELECT * FROM `ct_slider` WHERE `status` = 1 ORDER BY `sort` DESC, `create_time` DESC LIMIT 0,5   [ RunTime:0.0010s ]
INFO: [ view_parse ] --START--
INFO: [ template_filter ] --START--
INFO: Run Behavior\ContentReplaceBehavior [ RunTime:0.001000s ]
INFO: [ template_filter ] --END-- [ RunTime:0.001000s ]
INFO: Run Behavior\ParseTemplateBehavior [ RunTime:0.284016s ]
INFO: [ view_parse ] --END-- [ RunTime:0.284016s ]
INFO: [ view_filter ] --START--
INFO: Run Behavior\WriteHtmlCacheBehavior [ RunTime:0.098005s ]
INFO: [ view_filter ] --END-- [ RunTime:0.098005s ]
INFO: [ app_end ] --START--
INFO: Run Behavior\ShowPageTraceBehavior [ RunTime:0.016001s ]
INFO: [ app_end ] --END-- [ RunTime:0.016001s ]

