[ 2019-07-25T09:01:06+08:00 ] 127.0.0.1 /caow/index.php?s=/index/index.html
INFO: [ app_init ] --START--
INFO: Run Behavior\BuildLiteBehavior [ RunTime:0.000015s ]
INFO: [ app_init ] --END-- [ RunTime:0.000126s ]
INFO: [ app_begin ] --START--
INFO: Run Behavior\ReadHtmlCacheBehavior [ RunTime:0.008789s ]
INFO: Run Behavior\CheckLangBehavior [ RunTime:0.005719s ]
INFO: [ app_begin ] --END-- [ RunTime:0.014676s ]
INFO: [ action_begin ] --START--
INFO: Run Common\Behavior\InitHookBehavior [ RunTime:0.058730s ]
INFO: [ action_begin ] --END-- [ RunTime:0.058823s ]
SQL: SHOW COLUMNS FROM `ct_config` [ RunTime:0.0428s ]
SQL: SELECT `type`,`name`,`value` FROM `ct_config` WHERE `status` = 1  [ RunTime:0.0011s ]
SQL: SHOW COLUMNS FROM `ct_message` [ RunTime:0.0179s ]
SQL: SELECT COUNT(*) AS tp_count FROM `ct_message` WHERE `to_uid` = 0 AND `is_read` = 0 LIMIT 1   [ RunTime:0.0006s ]
SQL: SHOW COLUMNS FROM `ct_slider` [ RunTime:0.0311s ]
SQL: SELECT * FROM `ct_slider` WHERE `status` = 1 ORDER BY `sort` DESC, `create_time` DESC LIMIT 0,5   [ RunTime:0.0006s ]
INFO: [ view_parse ] --START--
INFO: [ template_filter ] --START--
INFO: Run Behavior\ContentReplaceBehavior [ RunTime:0.000212s ]
INFO: [ template_filter ] --END-- [ RunTime:0.000267s ]
INFO: Run Behavior\ParseTemplateBehavior [ RunTime:0.218890s ]
INFO: [ view_parse ] --END-- [ RunTime:0.218949s ]
INFO: [ view_filter ] --START--
INFO: Run Behavior\WriteHtmlCacheBehavior [ RunTime:0.011403s ]
INFO: [ view_filter ] --END-- [ RunTime:0.011448s ]
INFO: [ app_end ] --START--
INFO: Run Behavior\ShowPageTraceBehavior [ RunTime:0.015202s ]
INFO: [ app_end ] --END-- [ RunTime:0.015274s ]

[ 2019-07-25T09:01:06+08:00 ] 127.0.0.1 /caow/index.php?s=/index/index.html
INFO: [ app_init ] --START--
INFO: Run Behavior\BuildLiteBehavior [ RunTime:0.000019s ]
INFO: [ app_init ] --END-- [ RunTime:0.000153s ]
INFO: [ app_begin ] --START--
INFO: Run Behavior\ReadHtmlCacheBehavior [ RunTime:0.009305s ]
INFO: Run Behavior\CheckLangBehavior [ RunTime:0.004424s ]
INFO: [ app_begin ] --END-- [ RunTime:0.013865s ]
INFO: [ action_begin ] --START--
INFO: Run Common\Behavior\InitHookBehavior [ RunTime:0.003707s ]
INFO: [ action_begin ] --END-- [ RunTime:0.003780s ]
SQL: SHOW COLUMNS FROM `ct_config` [ RunTime:0.0063s ]
SQL: SELECT `type`,`name`,`value` FROM `ct_config` WHERE `status` = 1  [ RunTime:0.0004s ]
SQL: SHOW COLUMNS FROM `ct_message` [ RunTime:0.0044s ]
SQL: SELECT COUNT(*) AS tp_count FROM `ct_message` WHERE `to_uid` = 0 AND `is_read` = 0 LIMIT 1   [ RunTime:0.0002s ]
SQL: SHOW COLUMNS FROM `ct_slider` [ RunTime:0.0040s ]
SQL: SELECT * FROM `ct_slider` WHERE `status` = 1 ORDER BY `sort` DESC, `create_time` DESC LIMIT 0,5   [ RunTime:0.0002s ]
INFO: [ view_parse ] --START--
INFO: [ template_filter ] --START--
INFO: Run Behavior\ContentReplaceBehavior [ RunTime:0.000229s ]
INFO: [ template_filter ] --END-- [ RunTime:0.000288s ]
INFO: Run Behavior\ParseTemplateBehavior [ RunTime:0.032764s ]
INFO: [ view_parse ] --END-- [ RunTime:0.032823s ]
INFO: [ view_filter ] --START--
INFO: Run Behavior\WriteHtmlCacheBehavior [ RunTime:0.000599s ]
INFO: [ view_filter ] --END-- [ RunTime:0.000650s ]
INFO: [ app_end ] --START--
INFO: Run Behavior\ShowPageTraceBehavior [ RunTime:0.001101s ]
INFO: [ app_end ] --END-- [ RunTime:0.001163s ]

[ 2019-07-25T09:01:07+08:00 ] 127.0.0.1 /caow/index.php?s=/index/index.html
INFO: [ app_init ] --START--
INFO: Run Behavior\BuildLiteBehavior [ RunTime:0.000018s ]
INFO: [ app_init ] --END-- [ RunTime:0.000128s ]
INFO: [ app_begin ] --START--
INFO: Run Behavior\ReadHtmlCacheBehavior [ RunTime:0.008897s ]
INFO: Run Behavior\CheckLangBehavior [ RunTime:0.002397s ]
INFO: [ app_begin ] --END-- [ RunTime:0.011648s ]
INFO: [ action_begin ] --START--
INFO: Run Common\Behavior\InitHookBehavior [ RunTime:0.005528s ]
INFO: [ action_begin ] --END-- [ RunTime:0.005644s ]
SQL: SHOW COLUMNS FROM `ct_config` [ RunTime:0.0074s ]
SQL: SELECT `type`,`name`,`value` FROM `ct_config` WHERE `status` = 1  [ RunTime:0.0004s ]
SQL: SHOW COLUMNS FROM `ct_message` [ RunTime:0.0057s ]
SQL: SELECT COUNT(*) AS tp_count FROM `ct_message` WHERE `to_uid` = 0 AND `is_read` = 0 LIMIT 1   [ RunTime:0.0003s ]
SQL: SHOW COLUMNS FROM `ct_slider` [ RunTime:0.0061s ]
SQL: SELECT * FROM `ct_slider` WHERE `status` = 1 ORDER BY `sort` DESC, `create_time` DESC LIMIT 0,5   [ RunTime:0.0004s ]
INFO: [ view_parse ] --START--
INFO: [ template_filter ] --START--
INFO: Run Behavior\ContentReplaceBehavior [ RunTime:0.000159s ]
INFO: [ template_filter ] --END-- [ RunTime:0.000211s ]
INFO: Run Behavior\ParseTemplateBehavior [ RunTime:0.036939s ]
INFO: [ view_parse ] --END-- [ RunTime:0.037011s ]
INFO: [ view_filter ] --START--
INFO: Run Behavior\WriteHtmlCacheBehavior [ RunTime:0.001014s ]
INFO: [ view_filter ] --END-- [ RunTime:0.001130s ]
INFO: [ app_end ] --START--
INFO: Run Behavior\ShowPageTraceBehavior [ RunTime:0.001646s ]
INFO: [ app_end ] --END-- [ RunTime:0.001749s ]

[ 2019-07-25T10:56:21+08:00 ] ::1 /caow/index.php?s=/index/index.html
INFO: [ app_init ] --START--
INFO: Run Behavior\BuildLiteBehavior [ RunTime:0.000012s ]
INFO: [ app_init ] --END-- [ RunTime:0.000065s ]
INFO: [ app_begin ] --START--
INFO: Run Behavior\ReadHtmlCacheBehavior [ RunTime:0.024474s ]
INFO: Run Behavior\CheckLangBehavior [ RunTime:0.029397s ]
INFO: [ app_begin ] --END-- [ RunTime:0.053975s ]
INFO: [ action_begin ] --START--
INFO: Run Common\Behavior\InitHookBehavior [ RunTime:0.080521s ]
INFO: [ action_begin ] --END-- [ RunTime:0.080604s ]
SQL: SHOW COLUMNS FROM `ct_config` [ RunTime:0.0183s ]
SQL: SELECT `type`,`name`,`value` FROM `ct_config` WHERE `status` = 1  [ RunTime:0.0004s ]
SQL: SHOW COLUMNS FROM `ct_message` [ RunTime:0.0112s ]
SQL: SELECT COUNT(*) AS tp_count FROM `ct_message` WHERE `to_uid` = 0 AND `is_read` = 0 LIMIT 1   [ RunTime:0.0002s ]
SQL: SHOW COLUMNS FROM `ct_slider` [ RunTime:0.0147s ]
SQL: SELECT * FROM `ct_slider` WHERE `status` = 1 ORDER BY `sort` DESC, `create_time` DESC LIMIT 0,5   [ RunTime:0.0002s ]
INFO: [ view_parse ] --START--
INFO: [ template_filter ] --START--
INFO: Run Behavior\ContentReplaceBehavior [ RunTime:0.000142s ]
INFO: [ template_filter ] --END-- [ RunTime:0.000179s ]
INFO: Run Behavior\ParseTemplateBehavior [ RunTime:0.364126s ]
INFO: [ view_parse ] --END-- [ RunTime:0.364186s ]
INFO: [ view_filter ] --START--
INFO: Run Behavior\WriteHtmlCacheBehavior [ RunTime:0.010841s ]
INFO: [ view_filter ] --END-- [ RunTime:0.010883s ]
INFO: [ app_end ] --START--
INFO: Run Behavior\ShowPageTraceBehavior [ RunTime:0.015469s ]
INFO: [ app_end ] --END-- [ RunTime:0.015529s ]

[ 2019-07-25T10:56:42+08:00 ] ::1 /caow/index.php?s=/index/product_detail/id/23781.html
INFO: [ app_init ] --START--
INFO: Run Behavior\BuildLiteBehavior [ RunTime:0.000014s ]
INFO: [ app_init ] --END-- [ RunTime:0.000076s ]
INFO: [ app_begin ] --START--
INFO: Run Behavior\ReadHtmlCacheBehavior [ RunTime:0.004736s ]
INFO: Run Behavior\CheckLangBehavior [ RunTime:0.005513s ]
INFO: [ app_begin ] --END-- [ RunTime:0.010418s ]
INFO: [ action_begin ] --START--
INFO: Run Common\Behavior\InitHookBehavior [ RunTime:0.022173s ]
INFO: [ action_begin ] --END-- [ RunTime:0.022300s ]
SQL: SHOW COLUMNS FROM `ct_config` [ RunTime:0.0368s ]
SQL: SELECT `type`,`name`,`value` FROM `ct_config` WHERE `status` = 1  [ RunTime:0.0010s ]
SQL: SHOW COLUMNS FROM `ct_message` [ RunTime:0.0327s ]
SQL: SELECT COUNT(*) AS tp_count FROM `ct_message` WHERE `to_uid` = 0 AND `is_read` = 0 LIMIT 1   [ RunTime:0.0011s ]
SQL: SHOW COLUMNS FROM `ct_slider` [ RunTime:0.0322s ]
SQL: SELECT * FROM `ct_slider` WHERE `status` = 1 ORDER BY `sort` DESC, `create_time` DESC LIMIT 0,5   [ RunTime:0.0009s ]
NOTIC: [8] Undefined index: p D:\phpStudy\WWW\caow\Application\Home\Controller\IndexController.class.php 第 282 行.
INFO: [ view_parse ] --START--
INFO: [ template_filter ] --START--
INFO: Run Behavior\ContentReplaceBehavior [ RunTime:0.000079s ]
INFO: [ template_filter ] --END-- [ RunTime:0.000116s ]
NOTIC: [8] Undefined variable: meta_keywords D:\phpStudy\WWW\caow\Runtime\Cache\Home\c277e14b007901cbb4daff21847662d9.php 第 8 行.
NOTIC: [8] Undefined variable: meta_description D:\phpStudy\WWW\caow\Runtime\Cache\Home\c277e14b007901cbb4daff21847662d9.php 第 9 行.
INFO: Run Behavior\ParseTemplateBehavior [ RunTime:0.061328s ]
INFO: [ view_parse ] --END-- [ RunTime:0.061379s ]
INFO: [ view_filter ] --START--
INFO: Run Behavior\WriteHtmlCacheBehavior [ RunTime:0.001307s ]
INFO: [ view_filter ] --END-- [ RunTime:0.001340s ]
INFO: [ app_end ] --START--
INFO: Run Behavior\ShowPageTraceBehavior [ RunTime:0.002905s ]
INFO: [ app_end ] --END-- [ RunTime:0.002997s ]

[ 2019-07-25T12:37:05+08:00 ] ::1 /caow/index.php?s=/index/products.html
INFO: [ app_init ] --START--
INFO: Run Behavior\BuildLiteBehavior [ RunTime:0.000010s ]
INFO: [ app_init ] --END-- [ RunTime:0.000053s ]
INFO: [ app_begin ] --START--
INFO: Run Behavior\ReadHtmlCacheBehavior [ RunTime:0.021466s ]
INFO: Run Behavior\CheckLangBehavior [ RunTime:0.031900s ]
INFO: [ app_begin ] --END-- [ RunTime:0.053477s ]
INFO: [ action_begin ] --START--
INFO: Run Common\Behavior\InitHookBehavior [ RunTime:0.071882s ]
INFO: [ action_begin ] --END-- [ RunTime:0.071945s ]
SQL: SHOW COLUMNS FROM `ct_config` [ RunTime:0.0164s ]
SQL: SELECT `type`,`name`,`value` FROM `ct_config` WHERE `status` = 1  [ RunTime:0.0004s ]
SQL: SHOW COLUMNS FROM `ct_message` [ RunTime:0.0118s ]
SQL: SELECT COUNT(*) AS tp_count FROM `ct_message` WHERE `to_uid` = 0 AND `is_read` = 0 LIMIT 1   [ RunTime:0.0002s ]
SQL: SHOW COLUMNS FROM `ct_slider` [ RunTime:0.0135s ]
SQL: SELECT * FROM `ct_slider` WHERE `status` = 1 ORDER BY `sort` DESC, `create_time` DESC LIMIT 0,5   [ RunTime:0.0002s ]
NOTIC: [8] Undefined index: p D:\phpStudy\WWW\caow\Application\Home\Controller\IndexController.class.php 第 144 行.
NOTIC: [8] Undefined index: p D:\phpStudy\WWW\caow\Application\Home\Controller\IndexController.class.php 第 153 行.
INFO: [ view_parse ] --START--
INFO: [ template_filter ] --START--
INFO: Run Behavior\ContentReplaceBehavior [ RunTime:0.000176s ]
INFO: [ template_filter ] --END-- [ RunTime:0.000319s ]
NOTIC: [8] Undefined variable: meta_keywords D:\phpStudy\WWW\caow\Runtime\Cache\Home\4792558c740cf25e3300ce46ed2aa3e0.php 第 8 行.
NOTIC: [8] Undefined variable: meta_description D:\phpStudy\WWW\caow\Runtime\Cache\Home\4792558c740cf25e3300ce46ed2aa3e0.php 第 9 行.
INFO: Run Behavior\ParseTemplateBehavior [ RunTime:0.359199s ]
INFO: [ view_parse ] --END-- [ RunTime:0.359253s ]
INFO: [ view_filter ] --START--
INFO: Run Behavior\WriteHtmlCacheBehavior [ RunTime:0.015133s ]
INFO: [ view_filter ] --END-- [ RunTime:0.015169s ]
INFO: [ app_end ] --START--
INFO: Run Behavior\ShowPageTraceBehavior [ RunTime:0.048033s ]
INFO: [ app_end ] --END-- [ RunTime:0.048118s ]

[ 2019-07-25T12:43:00+08:00 ] ::1 /caow/index.php?s=/index/products.html
INFO: [ app_init ] --START--
INFO: Run Behavior\BuildLiteBehavior [ RunTime:0.000010s ]
INFO: [ app_init ] --END-- [ RunTime:0.000054s ]
INFO: [ app_begin ] --START--
INFO: Run Behavior\ReadHtmlCacheBehavior [ RunTime:0.001589s ]
INFO: Run Behavior\CheckLangBehavior [ RunTime:0.002388s ]
INFO: [ app_begin ] --END-- [ RunTime:0.004122s ]
INFO: [ action_begin ] --START--
INFO: Run Common\Behavior\InitHookBehavior [ RunTime:0.005586s ]
INFO: [ action_begin ] --END-- [ RunTime:0.005635s ]
SQL: SHOW COLUMNS FROM `ct_config` [ RunTime:0.0214s ]
SQL: SELECT `type`,`name`,`value` FROM `ct_config` WHERE `status` = 1  [ RunTime:0.0007s ]
SQL: SHOW COLUMNS FROM `ct_message` [ RunTime:0.0122s ]
SQL: SELECT COUNT(*) AS tp_count FROM `ct_message` WHERE `to_uid` = 0 AND `is_read` = 0 LIMIT 1   [ RunTime:0.0003s ]
SQL: SHOW COLUMNS FROM `ct_slider` [ RunTime:0.0134s ]
SQL: SELECT * FROM `ct_slider` WHERE `status` = 1 ORDER BY `sort` DESC, `create_time` DESC LIMIT 0,5   [ RunTime:0.0002s ]
NOTIC: [8] Undefined index: p D:\phpStudy\WWW\caow\Application\Home\Controller\IndexController.class.php 第 144 行.
NOTIC: [8] Undefined index: p D:\phpStudy\WWW\caow\Application\Home\Controller\IndexController.class.php 第 153 行.
INFO: [ view_parse ] --START--
INFO: [ template_filter ] --START--
INFO: Run Behavior\ContentReplaceBehavior [ RunTime:0.000091s ]
INFO: [ template_filter ] --END-- [ RunTime:0.000128s ]
NOTIC: [8] Undefined variable: meta_keywords D:\phpStudy\WWW\caow\Runtime\Cache\Home\4792558c740cf25e3300ce46ed2aa3e0.php 第 8 行.
NOTIC: [8] Undefined variable: meta_description D:\phpStudy\WWW\caow\Runtime\Cache\Home\4792558c740cf25e3300ce46ed2aa3e0.php 第 9 行.
INFO: Run Behavior\ParseTemplateBehavior [ RunTime:0.055674s ]
INFO: [ view_parse ] --END-- [ RunTime:0.055725s ]
INFO: [ view_filter ] --START--
INFO: Run Behavior\WriteHtmlCacheBehavior [ RunTime:0.001284s ]
INFO: [ view_filter ] --END-- [ RunTime:0.001323s ]
INFO: [ app_end ] --START--
INFO: Run Behavior\ShowPageTraceBehavior [ RunTime:0.002614s ]
INFO: [ app_end ] --END-- [ RunTime:0.002689s ]

[ 2019-07-25T12:48:48+08:00 ] ::1 /caow/index.php?s=/index/products.html
INFO: [ app_init ] --START--
INFO: Run Behavior\BuildLiteBehavior [ RunTime:0.000008s ]
INFO: [ app_init ] --END-- [ RunTime:0.000058s ]
INFO: [ app_begin ] --START--
INFO: Run Behavior\ReadHtmlCacheBehavior [ RunTime:0.000985s ]
INFO: Run Behavior\CheckLangBehavior [ RunTime:0.001425s ]
INFO: [ app_begin ] --END-- [ RunTime:0.002544s ]
INFO: [ action_begin ] --START--
INFO: Run Common\Behavior\InitHookBehavior [ RunTime:0.003413s ]
INFO: [ action_begin ] --END-- [ RunTime:0.003483s ]
SQL: SHOW COLUMNS FROM `ct_config` [ RunTime:0.0316s ]
SQL: SELECT `type`,`name`,`value` FROM `ct_config` WHERE `status` = 1  [ RunTime:0.0005s ]
SQL: SHOW COLUMNS FROM `ct_message` [ RunTime:0.0171s ]
SQL: SELECT COUNT(*) AS tp_count FROM `ct_message` WHERE `to_uid` = 0 AND `is_read` = 0 LIMIT 1   [ RunTime:0.0004s ]
SQL: SHOW COLUMNS FROM `ct_slider` [ RunTime:0.0162s ]
SQL: SELECT * FROM `ct_slider` WHERE `status` = 1 ORDER BY `sort` DESC, `create_time` DESC LIMIT 0,5   [ RunTime:0.0004s ]
NOTIC: [8] Undefined index: p D:\phpStudy\WWW\caow\Application\Home\Controller\IndexController.class.php 第 144 行.
NOTIC: [8] Undefined index: p D:\phpStudy\WWW\caow\Application\Home\Controller\IndexController.class.php 第 153 行.
INFO: [ view_parse ] --START--
INFO: [ template_filter ] --START--
INFO: Run Behavior\ContentReplaceBehavior [ RunTime:0.000165s ]
INFO: [ template_filter ] --END-- [ RunTime:0.000228s ]
NOTIC: [8] Undefined variable: meta_keywords D:\phpStudy\WWW\caow\Runtime\Cache\Home\4792558c740cf25e3300ce46ed2aa3e0.php 第 8 行.
NOTIC: [8] Undefined variable: meta_description D:\phpStudy\WWW\caow\Runtime\Cache\Home\4792558c740cf25e3300ce46ed2aa3e0.php 第 9 行.
INFO: Run Behavior\ParseTemplateBehavior [ RunTime:0.151363s ]
INFO: [ view_parse ] --END-- [ RunTime:0.151542s ]
INFO: [ view_filter ] --START--
INFO: Run Behavior\WriteHtmlCacheBehavior [ RunTime:0.001164s ]
INFO: [ view_filter ] --END-- [ RunTime:0.001316s ]
INFO: [ app_end ] --START--
INFO: Run Behavior\ShowPageTraceBehavior [ RunTime:0.005113s ]
INFO: [ app_end ] --END-- [ RunTime:0.005205s ]

[ 2019-07-25T12:50:42+08:00 ] ::1 /caow/index.php?s=/index/products.html
INFO: [ app_init ] --START--
INFO: Run Behavior\BuildLiteBehavior [ RunTime:0.000017s ]
INFO: [ app_init ] --END-- [ RunTime:0.000092s ]
INFO: [ app_begin ] --START--
INFO: Run Behavior\ReadHtmlCacheBehavior [ RunTime:0.001237s ]
INFO: Run Behavior\CheckLangBehavior [ RunTime:0.001105s ]
INFO: [ app_begin ] --END-- [ RunTime:0.002614s ]
INFO: [ action_begin ] --START--
INFO: Run Common\Behavior\InitHookBehavior [ RunTime:0.002753s ]
INFO: [ action_begin ] --END-- [ RunTime:0.002831s ]
SQL: SHOW COLUMNS FROM `ct_config` [ RunTime:0.0271s ]
SQL: SELECT `type`,`name`,`value` FROM `ct_config` WHERE `status` = 1  [ RunTime:0.0005s ]
SQL: SHOW COLUMNS FROM `ct_message` [ RunTime:0.0161s ]
SQL: SELECT COUNT(*) AS tp_count FROM `ct_message` WHERE `to_uid` = 0 AND `is_read` = 0 LIMIT 1   [ RunTime:0.0002s ]
SQL: SHOW COLUMNS FROM `ct_slider` [ RunTime:0.0119s ]
SQL: SELECT * FROM `ct_slider` WHERE `status` = 1 ORDER BY `sort` DESC, `create_time` DESC LIMIT 0,5   [ RunTime:0.0003s ]
NOTIC: [8] Undefined index: p D:\phpStudy\WWW\caow\Application\Home\Controller\IndexController.class.php 第 144 行.
NOTIC: [8] Undefined index: p D:\phpStudy\WWW\caow\Application\Home\Controller\IndexController.class.php 第 153 行.
INFO: [ view_parse ] --START--
INFO: [ template_filter ] --START--
INFO: Run Behavior\ContentReplaceBehavior [ RunTime:0.000167s ]
INFO: [ template_filter ] --END-- [ RunTime:0.000245s ]
NOTIC: [8] Undefined variable: meta_keywords D:\phpStudy\WWW\caow\Runtime\Cache\Home\4792558c740cf25e3300ce46ed2aa3e0.php 第 8 行.
NOTIC: [8] Undefined variable: meta_description D:\phpStudy\WWW\caow\Runtime\Cache\Home\4792558c740cf25e3300ce46ed2aa3e0.php 第 9 行.
INFO: Run Behavior\ParseTemplateBehavior [ RunTime:0.093425s ]
INFO: [ view_parse ] --END-- [ RunTime:0.093492s ]
INFO: [ view_filter ] --START--
INFO: Run Behavior\WriteHtmlCacheBehavior [ RunTime:0.000619s ]
INFO: [ view_filter ] --END-- [ RunTime:0.000650s ]
INFO: [ app_end ] --START--
INFO: Run Behavior\ShowPageTraceBehavior [ RunTime:0.001194s ]
INFO: [ app_end ] --END-- [ RunTime:0.001278s ]

[ 2019-07-25T13:01:58+08:00 ] ::1 /caow/index.php?s=/index/product_detail/id/23781.html
INFO: [ app_init ] --START--
INFO: Run Behavior\BuildLiteBehavior [ RunTime:0.000015s ]
INFO: [ app_init ] --END-- [ RunTime:0.000088s ]
INFO: [ app_begin ] --START--
INFO: Run Behavior\ReadHtmlCacheBehavior [ RunTime:0.010433s ]
INFO: Run Behavior\CheckLangBehavior [ RunTime:0.011671s ]
INFO: [ app_begin ] --END-- [ RunTime:0.022233s ]
INFO: [ action_begin ] --START--
INFO: Run Common\Behavior\InitHookBehavior [ RunTime:0.060311s ]
INFO: [ action_begin ] --END-- [ RunTime:0.060384s ]
SQL: SHOW COLUMNS FROM `ct_config` [ RunTime:0.0838s ]
SQL: SELECT `type`,`name`,`value` FROM `ct_config` WHERE `status` = 1  [ RunTime:0.0005s ]
SQL: SHOW COLUMNS FROM `ct_message` [ RunTime:0.0287s ]
SQL: SELECT COUNT(*) AS tp_count FROM `ct_message` WHERE `to_uid` = 0 AND `is_read` = 0 LIMIT 1   [ RunTime:0.0003s ]
SQL: SHOW COLUMNS FROM `ct_slider` [ RunTime:0.0298s ]
SQL: SELECT * FROM `ct_slider` WHERE `status` = 1 ORDER BY `sort` DESC, `create_time` DESC LIMIT 0,5   [ RunTime:0.0002s ]
NOTIC: [8] Undefined index: p D:\phpStudy\WWW\caow\Application\Home\Controller\IndexController.class.php 第 282 行.
INFO: [ view_parse ] --START--
INFO: [ template_filter ] --START--
INFO: Run Behavior\ContentReplaceBehavior [ RunTime:0.000079s ]
INFO: [ template_filter ] --END-- [ RunTime:0.000118s ]
NOTIC: [8] Undefined variable: meta_keywords D:\phpStudy\WWW\caow\Runtime\Cache\Home\c277e14b007901cbb4daff21847662d9.php 第 8 行.
NOTIC: [8] Undefined variable: meta_description D:\phpStudy\WWW\caow\Runtime\Cache\Home\c277e14b007901cbb4daff21847662d9.php 第 9 行.
INFO: Run Behavior\ParseTemplateBehavior [ RunTime:0.258411s ]
INFO: [ view_parse ] --END-- [ RunTime:0.258544s ]
INFO: [ view_filter ] --START--
INFO: Run Behavior\WriteHtmlCacheBehavior [ RunTime:0.016148s ]
INFO: [ view_filter ] --END-- [ RunTime:0.016195s ]
INFO: [ app_end ] --START--
INFO: Run Behavior\ShowPageTraceBehavior [ RunTime:0.019111s ]
INFO: [ app_end ] --END-- [ RunTime:0.019253s ]

[ 2019-07-25T13:49:17+08:00 ] ::1 /caow/index.php?s=/index/index.html
INFO: [ app_init ] --START--
INFO: Run Behavior\BuildLiteBehavior [ RunTime:0.000011s ]
INFO: [ app_init ] --END-- [ RunTime:0.000078s ]
INFO: [ app_begin ] --START--
INFO: Run Behavior\ReadHtmlCacheBehavior [ RunTime:0.039600s ]
INFO: Run Behavior\CheckLangBehavior [ RunTime:0.035418s ]
INFO: [ app_begin ] --END-- [ RunTime:0.075347s ]
INFO: [ action_begin ] --START--
INFO: Run Common\Behavior\InitHookBehavior [ RunTime:0.070100s ]
INFO: [ action_begin ] --END-- [ RunTime:0.070166s ]
SQL: SHOW COLUMNS FROM `ct_config` [ RunTime:0.0509s ]
SQL: SELECT `type`,`name`,`value` FROM `ct_config` WHERE `status` = 1  [ RunTime:0.0005s ]
SQL: SHOW COLUMNS FROM `ct_message` [ RunTime:0.0266s ]
SQL: SELECT COUNT(*) AS tp_count FROM `ct_message` WHERE `to_uid` = 0 AND `is_read` = 0 LIMIT 1   [ RunTime:0.0003s ]
SQL: SHOW COLUMNS FROM `ct_slider` [ RunTime:0.0194s ]
SQL: SELECT * FROM `ct_slider` WHERE `status` = 1 ORDER BY `sort` DESC, `create_time` DESC LIMIT 0,5   [ RunTime:0.0003s ]
INFO: [ view_parse ] --START--
INFO: [ template_filter ] --START--
INFO: Run Behavior\ContentReplaceBehavior [ RunTime:0.000278s ]
INFO: [ template_filter ] --END-- [ RunTime:0.000495s ]
INFO: Run Behavior\ParseTemplateBehavior [ RunTime:0.536316s ]
INFO: [ view_parse ] --END-- [ RunTime:0.536416s ]
INFO: [ view_filter ] --START--
INFO: Run Behavior\WriteHtmlCacheBehavior [ RunTime:0.016674s ]
INFO: [ view_filter ] --END-- [ RunTime:0.016728s ]
INFO: [ app_end ] --START--
INFO: Run Behavior\ShowPageTraceBehavior [ RunTime:0.035085s ]
INFO: [ app_end ] --END-- [ RunTime:0.035160s ]

[ 2019-07-25T13:49:27+08:00 ] ::1 /caow/index.php?s=/index/products.html
INFO: [ app_init ] --START--
INFO: Run Behavior\BuildLiteBehavior [ RunTime:0.000009s ]
INFO: [ app_init ] --END-- [ RunTime:0.000047s ]
INFO: [ app_begin ] --START--
INFO: Run Behavior\ReadHtmlCacheBehavior [ RunTime:0.004406s ]
INFO: Run Behavior\CheckLangBehavior [ RunTime:0.003043s ]
INFO: [ app_begin ] --END-- [ RunTime:0.007546s ]
INFO: [ action_begin ] --START--
INFO: Run Common\Behavior\InitHookBehavior [ RunTime:0.005656s ]
INFO: [ action_begin ] --END-- [ RunTime:0.005706s ]
SQL: SHOW COLUMNS FROM `ct_config` [ RunTime:0.0302s ]
SQL: SELECT `type`,`name`,`value` FROM `ct_config` WHERE `status` = 1  [ RunTime:0.0004s ]
SQL: SHOW COLUMNS FROM `ct_message` [ RunTime:0.0124s ]
SQL: SELECT COUNT(*) AS tp_count FROM `ct_message` WHERE `to_uid` = 0 AND `is_read` = 0 LIMIT 1   [ RunTime:0.0004s ]
SQL: SHOW COLUMNS FROM `ct_slider` [ RunTime:0.0133s ]
SQL: SELECT * FROM `ct_slider` WHERE `status` = 1 ORDER BY `sort` DESC, `create_time` DESC LIMIT 0,5   [ RunTime:0.0002s ]
NOTIC: [8] Undefined index: p D:\phpStudy\WWW\caow\Application\Home\Controller\IndexController.class.php 第 144 行.
NOTIC: [8] Undefined index: p D:\phpStudy\WWW\caow\Application\Home\Controller\IndexController.class.php 第 153 行.
INFO: [ view_parse ] --START--
INFO: [ template_filter ] --START--
INFO: Run Behavior\ContentReplaceBehavior [ RunTime:0.000151s ]
INFO: [ template_filter ] --END-- [ RunTime:0.000231s ]
NOTIC: [8] Undefined variable: meta_keywords D:\phpStudy\WWW\caow\Runtime\Cache\Home\4792558c740cf25e3300ce46ed2aa3e0.php 第 8 行.
NOTIC: [8] Undefined variable: meta_description D:\phpStudy\WWW\caow\Runtime\Cache\Home\4792558c740cf25e3300ce46ed2aa3e0.php 第 9 行.
INFO: Run Behavior\ParseTemplateBehavior [ RunTime:0.106922s ]
INFO: [ view_parse ] --END-- [ RunTime:0.106976s ]
INFO: [ view_filter ] --START--
INFO: Run Behavior\WriteHtmlCacheBehavior [ RunTime:0.001531s ]
INFO: [ view_filter ] --END-- [ RunTime:0.001565s ]
INFO: [ app_end ] --START--
INFO: Run Behavior\ShowPageTraceBehavior [ RunTime:0.002271s ]
INFO: [ app_end ] --END-- [ RunTime:0.002363s ]

[ 2019-07-25T13:49:37+08:00 ] ::1 /caow/index.php?s=/index/news_list.html
INFO: [ app_init ] --START--
INFO: Run Behavior\BuildLiteBehavior [ RunTime:0.000020s ]
INFO: [ app_init ] --END-- [ RunTime:0.000778s ]
INFO: [ app_begin ] --START--
INFO: Run Behavior\ReadHtmlCacheBehavior [ RunTime:0.001850s ]
INFO: Run Behavior\CheckLangBehavior [ RunTime:0.007944s ]
INFO: [ app_begin ] --END-- [ RunTime:0.009980s ]
INFO: [ action_begin ] --START--
INFO: Run Common\Behavior\InitHookBehavior [ RunTime:0.008155s ]
INFO: [ action_begin ] --END-- [ RunTime:0.008211s ]
SQL: SHOW COLUMNS FROM `ct_config` [ RunTime:0.0351s ]
SQL: SELECT `type`,`name`,`value` FROM `ct_config` WHERE `status` = 1  [ RunTime:0.0004s ]
SQL: SHOW COLUMNS FROM `ct_message` [ RunTime:0.0131s ]
SQL: SELECT COUNT(*) AS tp_count FROM `ct_message` WHERE `to_uid` = 0 AND `is_read` = 0 LIMIT 1   [ RunTime:0.0002s ]
SQL: SHOW COLUMNS FROM `ct_slider` [ RunTime:0.0150s ]
SQL: SELECT * FROM `ct_slider` WHERE `status` = 1 ORDER BY `sort` DESC, `create_time` DESC LIMIT 0,5   [ RunTime:0.0002s ]
NOTIC: [8] Undefined index: p D:\phpStudy\WWW\caow\Application\Home\Controller\IndexController.class.php 第 62 行.
INFO: [ view_parse ] --START--
INFO: [ template_filter ] --START--
INFO: Run Behavior\ContentReplaceBehavior [ RunTime:0.000086s ]
INFO: [ template_filter ] --END-- [ RunTime:0.000125s ]
NOTIC: [8] Undefined variable: meta_keywords D:\phpStudy\WWW\caow\Runtime\Cache\Home\122912cd18a953de6d374dfb34995f8f.php 第 8 行.
NOTIC: [8] Undefined variable: meta_description D:\phpStudy\WWW\caow\Runtime\Cache\Home\122912cd18a953de6d374dfb34995f8f.php 第 9 行.
INFO: Run Behavior\ParseTemplateBehavior [ RunTime:0.102488s ]
INFO: [ view_parse ] --END-- [ RunTime:0.102549s ]
INFO: [ view_filter ] --START--
INFO: Run Behavior\WriteHtmlCacheBehavior [ RunTime:0.004803s ]
INFO: [ view_filter ] --END-- [ RunTime:0.005302s ]
INFO: [ app_end ] --START--
INFO: Run Behavior\ShowPageTraceBehavior [ RunTime:0.009445s ]
INFO: [ app_end ] --END-- [ RunTime:0.009537s ]

[ 2019-07-25T13:49:40+08:00 ] ::1 /caow/index.php?s=/index/video.html
INFO: [ app_init ] --START--
INFO: Run Behavior\BuildLiteBehavior [ RunTime:0.000010s ]
INFO: [ app_init ] --END-- [ RunTime:0.000047s ]
INFO: [ app_begin ] --START--
INFO: Run Behavior\ReadHtmlCacheBehavior [ RunTime:0.001306s ]
INFO: Run Behavior\CheckLangBehavior [ RunTime:0.006529s ]
INFO: [ app_begin ] --END-- [ RunTime:0.007959s ]
INFO: [ action_begin ] --START--
INFO: Run Common\Behavior\InitHookBehavior [ RunTime:0.006281s ]
INFO: [ action_begin ] --END-- [ RunTime:0.006372s ]
SQL: SHOW COLUMNS FROM `ct_config` [ RunTime:0.0226s ]
SQL: SELECT `type`,`name`,`value` FROM `ct_config` WHERE `status` = 1  [ RunTime:0.0004s ]
SQL: SHOW COLUMNS FROM `ct_message` [ RunTime:0.0119s ]
SQL: SELECT COUNT(*) AS tp_count FROM `ct_message` WHERE `to_uid` = 0 AND `is_read` = 0 LIMIT 1   [ RunTime:0.0005s ]
SQL: SHOW COLUMNS FROM `ct_slider` [ RunTime:0.0126s ]
SQL: SELECT * FROM `ct_slider` WHERE `status` = 1 ORDER BY `sort` DESC, `create_time` DESC LIMIT 0,5   [ RunTime:0.0002s ]
NOTIC: [8] Undefined index: p D:\phpStudy\WWW\caow\Application\Home\Controller\IndexController.class.php 第 208 行.
INFO: [ view_parse ] --START--
INFO: [ template_filter ] --START--
INFO: Run Behavior\ContentReplaceBehavior [ RunTime:0.000088s ]
INFO: [ template_filter ] --END-- [ RunTime:0.000127s ]
NOTIC: [8] Undefined variable: meta_keywords D:\phpStudy\WWW\caow\Runtime\Cache\Home\6ca94c4a07db8988bf84f6a0625c5caa.php 第 8 行.
NOTIC: [8] Undefined variable: meta_description D:\phpStudy\WWW\caow\Runtime\Cache\Home\6ca94c4a07db8988bf84f6a0625c5caa.php 第 9 行.
INFO: Run Behavior\ParseTemplateBehavior [ RunTime:0.079663s ]
INFO: [ view_parse ] --END-- [ RunTime:0.079711s ]
INFO: [ view_filter ] --START--
INFO: Run Behavior\WriteHtmlCacheBehavior [ RunTime:0.001143s ]
INFO: [ view_filter ] --END-- [ RunTime:0.001172s ]
INFO: [ app_end ] --START--
INFO: Run Behavior\ShowPageTraceBehavior [ RunTime:0.003277s ]
INFO: [ app_end ] --END-- [ RunTime:0.003371s ]

[ 2019-07-25T13:49:45+08:00 ] ::1 /caow/index.php?s=/index/connects.html
INFO: [ app_init ] --START--
INFO: Run Behavior\BuildLiteBehavior [ RunTime:0.000009s ]
INFO: [ app_init ] --END-- [ RunTime:0.000048s ]
INFO: [ app_begin ] --START--
INFO: Run Behavior\ReadHtmlCacheBehavior [ RunTime:0.001345s ]
INFO: Run Behavior\CheckLangBehavior [ RunTime:0.003045s ]
INFO: [ app_begin ] --END-- [ RunTime:0.004476s ]
INFO: [ action_begin ] --START--
INFO: Run Common\Behavior\InitHookBehavior [ RunTime:0.005597s ]
INFO: [ action_begin ] --END-- [ RunTime:0.005662s ]
SQL: SHOW COLUMNS FROM `ct_config` [ RunTime:0.0243s ]
SQL: SELECT `type`,`name`,`value` FROM `ct_config` WHERE `status` = 1  [ RunTime:0.0009s ]
SQL: SHOW COLUMNS FROM `ct_message` [ RunTime:0.0190s ]
SQL: SELECT COUNT(*) AS tp_count FROM `ct_message` WHERE `to_uid` = 0 AND `is_read` = 0 LIMIT 1   [ RunTime:0.0002s ]
SQL: SHOW COLUMNS FROM `ct_slider` [ RunTime:0.0110s ]
SQL: SELECT * FROM `ct_slider` WHERE `status` = 1 ORDER BY `sort` DESC, `create_time` DESC LIMIT 0,5   [ RunTime:0.0003s ]
INFO: [ view_parse ] --START--
INFO: [ template_filter ] --START--
INFO: Run Behavior\ContentReplaceBehavior [ RunTime:0.000100s ]
INFO: [ template_filter ] --END-- [ RunTime:0.000138s ]
NOTIC: [8] Undefined variable: meta_keywords D:\phpStudy\WWW\caow\Runtime\Cache\Home\50dc0f76a3ee2144802bd837d4082e6f.php 第 8 行.
NOTIC: [8] Undefined variable: meta_description D:\phpStudy\WWW\caow\Runtime\Cache\Home\50dc0f76a3ee2144802bd837d4082e6f.php 第 9 行.
INFO: Run Behavior\ParseTemplateBehavior [ RunTime:0.064663s ]
INFO: [ view_parse ] --END-- [ RunTime:0.064769s ]
INFO: [ view_filter ] --START--
INFO: Run Behavior\WriteHtmlCacheBehavior [ RunTime:0.001783s ]
INFO: [ view_filter ] --END-- [ RunTime:0.001849s ]
INFO: [ app_end ] --START--
INFO: Run Behavior\ShowPageTraceBehavior [ RunTime:0.004711s ]
INFO: [ app_end ] --END-- [ RunTime:0.004774s ]

[ 2019-07-25T13:49:48+08:00 ] ::1 /caow/index.php?s=/index/about.html
INFO: [ app_init ] --START--
INFO: Run Behavior\BuildLiteBehavior [ RunTime:0.000011s ]
INFO: [ app_init ] --END-- [ RunTime:0.000061s ]
INFO: [ app_begin ] --START--
INFO: Run Behavior\ReadHtmlCacheBehavior [ RunTime:0.002076s ]
INFO: Run Behavior\CheckLangBehavior [ RunTime:0.002173s ]
INFO: [ app_begin ] --END-- [ RunTime:0.004609s ]
INFO: [ action_begin ] --START--
INFO: Run Common\Behavior\InitHookBehavior [ RunTime:0.006549s ]
INFO: [ action_begin ] --END-- [ RunTime:0.006796s ]
SQL: SHOW COLUMNS FROM `ct_config` [ RunTime:0.0172s ]
SQL: SELECT `type`,`name`,`value` FROM `ct_config` WHERE `status` = 1  [ RunTime:0.0003s ]
SQL: SHOW COLUMNS FROM `ct_message` [ RunTime:0.0172s ]
SQL: SELECT COUNT(*) AS tp_count FROM `ct_message` WHERE `to_uid` = 0 AND `is_read` = 0 LIMIT 1   [ RunTime:0.0002s ]
SQL: SHOW COLUMNS FROM `ct_slider` [ RunTime:0.0169s ]
SQL: SELECT * FROM `ct_slider` WHERE `status` = 1 ORDER BY `sort` DESC, `create_time` DESC LIMIT 0,5   [ RunTime:0.0003s ]
INFO: [ view_parse ] --START--
INFO: [ template_filter ] --START--
INFO: Run Behavior\ContentReplaceBehavior [ RunTime:0.000162s ]
INFO: [ template_filter ] --END-- [ RunTime:0.000224s ]
NOTIC: [8] Undefined variable: meta_keywords D:\phpStudy\WWW\caow\Runtime\Cache\Home\dd9652edf3ac87da8f78c1e26ac38cc8.php 第 8 行.
NOTIC: [8] Undefined variable: meta_description D:\phpStudy\WWW\caow\Runtime\Cache\Home\dd9652edf3ac87da8f78c1e26ac38cc8.php 第 9 行.
INFO: Run Behavior\ParseTemplateBehavior [ RunTime:0.069572s ]
INFO: [ view_parse ] --END-- [ RunTime:0.069647s ]
INFO: [ view_filter ] --START--
INFO: Run Behavior\WriteHtmlCacheBehavior [ RunTime:0.002252s ]
INFO: [ view_filter ] --END-- [ RunTime:0.002316s ]
INFO: [ app_end ] --START--
INFO: Run Behavior\ShowPageTraceBehavior [ RunTime:0.002307s ]
INFO: [ app_end ] --END-- [ RunTime:0.002384s ]

[ 2019-07-25T13:49:51+08:00 ] ::1 /caow/index.php?s=/index/about.html
INFO: [ app_init ] --START--
INFO: Run Behavior\BuildLiteBehavior [ RunTime:0.000009s ]
INFO: [ app_init ] --END-- [ RunTime:0.000049s ]
INFO: [ app_begin ] --START--
INFO: Run Behavior\ReadHtmlCacheBehavior [ RunTime:0.000937s ]
INFO: Run Behavior\CheckLangBehavior [ RunTime:0.003932s ]
INFO: [ app_begin ] --END-- [ RunTime:0.004984s ]
INFO: [ action_begin ] --START--
INFO: Run Common\Behavior\InitHookBehavior [ RunTime:0.004244s ]
INFO: [ action_begin ] --END-- [ RunTime:0.004294s ]
SQL: SHOW COLUMNS FROM `ct_config` [ RunTime:0.0253s ]
SQL: SELECT `type`,`name`,`value` FROM `ct_config` WHERE `status` = 1  [ RunTime:0.0010s ]
SQL: SHOW COLUMNS FROM `ct_message` [ RunTime:0.0149s ]
SQL: SELECT COUNT(*) AS tp_count FROM `ct_message` WHERE `to_uid` = 0 AND `is_read` = 0 LIMIT 1   [ RunTime:0.0003s ]
SQL: SHOW COLUMNS FROM `ct_slider` [ RunTime:0.0193s ]
SQL: SELECT * FROM `ct_slider` WHERE `status` = 1 ORDER BY `sort` DESC, `create_time` DESC LIMIT 0,5   [ RunTime:0.0002s ]
INFO: [ view_parse ] --START--
INFO: [ template_filter ] --START--
INFO: Run Behavior\ContentReplaceBehavior [ RunTime:0.000103s ]
INFO: [ template_filter ] --END-- [ RunTime:0.000148s ]
NOTIC: [8] Undefined variable: meta_keywords D:\phpStudy\WWW\caow\Runtime\Cache\Home\dd9652edf3ac87da8f78c1e26ac38cc8.php 第 8 行.
NOTIC: [8] Undefined variable: meta_description D:\phpStudy\WWW\caow\Runtime\Cache\Home\dd9652edf3ac87da8f78c1e26ac38cc8.php 第 9 行.
INFO: Run Behavior\ParseTemplateBehavior [ RunTime:0.045455s ]
INFO: [ view_parse ] --END-- [ RunTime:0.045531s ]
INFO: [ view_filter ] --START--
INFO: Run Behavior\WriteHtmlCacheBehavior [ RunTime:0.001123s ]
INFO: [ view_filter ] --END-- [ RunTime:0.001180s ]
INFO: [ app_end ] --START--
INFO: Run Behavior\ShowPageTraceBehavior [ RunTime:0.002786s ]
INFO: [ app_end ] --END-- [ RunTime:0.002888s ]

[ 2019-07-25T13:49:56+08:00 ] ::1 /caow/index.php?s=/index/products.html
INFO: [ app_init ] --START--
INFO: Run Behavior\BuildLiteBehavior [ RunTime:0.000026s ]
INFO: [ app_init ] --END-- [ RunTime:0.000130s ]
INFO: [ app_begin ] --START--
INFO: Run Behavior\ReadHtmlCacheBehavior [ RunTime:0.002474s ]
INFO: Run Behavior\CheckLangBehavior [ RunTime:0.008347s ]
INFO: [ app_begin ] --END-- [ RunTime:0.010981s ]
INFO: [ action_begin ] --START--
INFO: Run Common\Behavior\InitHookBehavior [ RunTime:0.004553s ]
INFO: [ action_begin ] --END-- [ RunTime:0.004636s ]
SQL: SHOW COLUMNS FROM `ct_config` [ RunTime:0.0972s ]
SQL: SELECT `type`,`name`,`value` FROM `ct_config` WHERE `status` = 1  [ RunTime:0.0008s ]
SQL: SHOW COLUMNS FROM `ct_message` [ RunTime:0.0222s ]
SQL: SELECT COUNT(*) AS tp_count FROM `ct_message` WHERE `to_uid` = 0 AND `is_read` = 0 LIMIT 1   [ RunTime:0.0004s ]
SQL: SHOW COLUMNS FROM `ct_slider` [ RunTime:0.0254s ]
SQL: SELECT * FROM `ct_slider` WHERE `status` = 1 ORDER BY `sort` DESC, `create_time` DESC LIMIT 0,5   [ RunTime:0.0003s ]
NOTIC: [8] Undefined index: p D:\phpStudy\WWW\caow\Application\Home\Controller\IndexController.class.php 第 144 行.
NOTIC: [8] Undefined index: p D:\phpStudy\WWW\caow\Application\Home\Controller\IndexController.class.php 第 153 行.
INFO: [ view_parse ] --START--
INFO: [ template_filter ] --START--
INFO: Run Behavior\ContentReplaceBehavior [ RunTime:0.000158s ]
INFO: [ template_filter ] --END-- [ RunTime:0.000248s ]
NOTIC: [8] Undefined variable: meta_keywords D:\phpStudy\WWW\caow\Runtime\Cache\Home\4792558c740cf25e3300ce46ed2aa3e0.php 第 8 行.
NOTIC: [8] Undefined variable: meta_description D:\phpStudy\WWW\caow\Runtime\Cache\Home\4792558c740cf25e3300ce46ed2aa3e0.php 第 9 行.
INFO: Run Behavior\ParseTemplateBehavior [ RunTime:0.281249s ]
INFO: [ view_parse ] --END-- [ RunTime:0.281480s ]
INFO: [ view_filter ] --START--
INFO: Run Behavior\WriteHtmlCacheBehavior [ RunTime:0.006470s ]
INFO: [ view_filter ] --END-- [ RunTime:0.006545s ]
INFO: [ app_end ] --START--
INFO: Run Behavior\ShowPageTraceBehavior [ RunTime:0.001841s ]
INFO: [ app_end ] --END-- [ RunTime:0.001934s ]

[ 2019-07-25T13:57:18+08:00 ] ::1 /caow/index.php?s=/index/index.html
INFO: [ app_init ] --START--
INFO: Run Behavior\BuildLiteBehavior [ RunTime:0.000015s ]
INFO: [ app_init ] --END-- [ RunTime:0.000126s ]
INFO: [ app_begin ] --START--
INFO: Run Behavior\ReadHtmlCacheBehavior [ RunTime:0.000820s ]
INFO: Run Behavior\CheckLangBehavior [ RunTime:0.001475s ]
INFO: [ app_begin ] --END-- [ RunTime:0.002383s ]
INFO: [ action_begin ] --START--
INFO: Run Common\Behavior\InitHookBehavior [ RunTime:0.004391s ]
INFO: [ action_begin ] --END-- [ RunTime:0.004461s ]
SQL: SHOW COLUMNS FROM `ct_config` [ RunTime:0.0234s ]
SQL: SELECT `type`,`name`,`value` FROM `ct_config` WHERE `status` = 1  [ RunTime:0.0005s ]
SQL: SHOW COLUMNS FROM `ct_message` [ RunTime:0.0139s ]
SQL: SELECT COUNT(*) AS tp_count FROM `ct_message` WHERE `to_uid` = 0 AND `is_read` = 0 LIMIT 1   [ RunTime:0.0002s ]
SQL: SHOW COLUMNS FROM `ct_slider` [ RunTime:0.0136s ]
SQL: SELECT * FROM `ct_slider` WHERE `status` = 1 ORDER BY `sort` DESC, `create_time` DESC LIMIT 0,5   [ RunTime:0.0002s ]
INFO: [ view_parse ] --START--
INFO: [ template_filter ] --START--
INFO: Run Behavior\ContentReplaceBehavior [ RunTime:0.000142s ]
INFO: [ template_filter ] --END-- [ RunTime:0.000179s ]
INFO: Run Behavior\ParseTemplateBehavior [ RunTime:0.063729s ]
INFO: [ view_parse ] --END-- [ RunTime:0.063770s ]
INFO: [ view_filter ] --START--
INFO: Run Behavior\WriteHtmlCacheBehavior [ RunTime:0.000503s ]
INFO: [ view_filter ] --END-- [ RunTime:0.000530s ]
INFO: [ app_end ] --START--
INFO: Run Behavior\ShowPageTraceBehavior [ RunTime:0.000913s ]
INFO: [ app_end ] --END-- [ RunTime:0.000958s ]

[ 2019-07-25T13:59:28+08:00 ] ::1 /caow/index.php?s=/index/product_detail/id/23781.html
INFO: [ app_init ] --START--
INFO: Run Behavior\BuildLiteBehavior [ RunTime:0.000009s ]
INFO: [ app_init ] --END-- [ RunTime:0.000050s ]
INFO: [ app_begin ] --START--
INFO: Run Behavior\ReadHtmlCacheBehavior [ RunTime:0.001197s ]
INFO: Run Behavior\CheckLangBehavior [ RunTime:0.009005s ]
INFO: [ app_begin ] --END-- [ RunTime:0.010368s ]
INFO: [ action_begin ] --START--
INFO: Run Common\Behavior\InitHookBehavior [ RunTime:0.035522s ]
INFO: [ action_begin ] --END-- [ RunTime:0.035584s ]
SQL: SHOW COLUMNS FROM `ct_config` [ RunTime:0.0219s ]
SQL: SELECT `type`,`name`,`value` FROM `ct_config` WHERE `status` = 1  [ RunTime:0.0006s ]
SQL: SHOW COLUMNS FROM `ct_message` [ RunTime:0.0129s ]
SQL: SELECT COUNT(*) AS tp_count FROM `ct_message` WHERE `to_uid` = 0 AND `is_read` = 0 LIMIT 1   [ RunTime:0.0005s ]
SQL: SHOW COLUMNS FROM `ct_slider` [ RunTime:0.0121s ]
SQL: SELECT * FROM `ct_slider` WHERE `status` = 1 ORDER BY `sort` DESC, `create_time` DESC LIMIT 0,5   [ RunTime:0.0002s ]
NOTIC: [8] Undefined index: p D:\phpStudy\WWW\caow\Application\Home\Controller\IndexController.class.php 第 282 行.
INFO: [ view_parse ] --START--
INFO: [ template_filter ] --START--
INFO: Run Behavior\ContentReplaceBehavior [ RunTime:0.000082s ]
INFO: [ template_filter ] --END-- [ RunTime:0.000119s ]
NOTIC: [8] Undefined variable: meta_keywords D:\phpStudy\WWW\caow\Runtime\Cache\Home\c277e14b007901cbb4daff21847662d9.php 第 8 行.
NOTIC: [8] Undefined variable: meta_description D:\phpStudy\WWW\caow\Runtime\Cache\Home\c277e14b007901cbb4daff21847662d9.php 第 9 行.
INFO: Run Behavior\ParseTemplateBehavior [ RunTime:0.180457s ]
INFO: [ view_parse ] --END-- [ RunTime:0.180508s ]
INFO: [ view_filter ] --START--
INFO: Run Behavior\WriteHtmlCacheBehavior [ RunTime:0.017111s ]
INFO: [ view_filter ] --END-- [ RunTime:0.017233s ]
INFO: [ app_end ] --START--
INFO: Run Behavior\ShowPageTraceBehavior [ RunTime:0.009824s ]
INFO: [ app_end ] --END-- [ RunTime:0.009964s ]

[ 2019-07-25T14:21:47+08:00 ] ::1 /caow/index.php?s=/index/index.html
INFO: [ app_init ] --START--
INFO: Run Behavior\BuildLiteBehavior [ RunTime:0.000033s ]
INFO: [ app_init ] --END-- [ RunTime:0.000185s ]
INFO: [ app_begin ] --START--
INFO: Run Behavior\ReadHtmlCacheBehavior [ RunTime:0.007610s ]
INFO: Run Behavior\CheckLangBehavior [ RunTime:0.021365s ]
INFO: [ app_begin ] --END-- [ RunTime:0.029082s ]
INFO: [ action_begin ] --START--
INFO: Run Common\Behavior\InitHookBehavior [ RunTime:0.055665s ]
INFO: [ action_begin ] --END-- [ RunTime:0.055761s ]
SQL: SHOW COLUMNS FROM `ct_config` [ RunTime:0.0494s ]
SQL: SELECT `type`,`name`,`value` FROM `ct_config` WHERE `status` = 1  [ RunTime:0.0126s ]
SQL: SHOW COLUMNS FROM `ct_message` [ RunTime:0.0198s ]
SQL: SELECT COUNT(*) AS tp_count FROM `ct_message` WHERE `to_uid` = 0 AND `is_read` = 0 LIMIT 1   [ RunTime:0.0006s ]
SQL: SHOW COLUMNS FROM `ct_slider` [ RunTime:0.0148s ]
SQL: SELECT * FROM `ct_slider` WHERE `status` = 1 ORDER BY `sort` DESC, `create_time` DESC LIMIT 0,5   [ RunTime:0.0002s ]
INFO: [ view_parse ] --START--
INFO: [ template_filter ] --START--
INFO: Run Behavior\ContentReplaceBehavior [ RunTime:0.000169s ]
INFO: [ template_filter ] --END-- [ RunTime:0.000220s ]
INFO: Run Behavior\ParseTemplateBehavior [ RunTime:0.433826s ]
INFO: [ view_parse ] --END-- [ RunTime:0.433900s ]
INFO: [ view_filter ] --START--
INFO: Run Behavior\WriteHtmlCacheBehavior [ RunTime:0.008106s ]
INFO: [ view_filter ] --END-- [ RunTime:0.008146s ]
INFO: [ app_end ] --START--
INFO: Run Behavior\ShowPageTraceBehavior [ RunTime:0.015742s ]
INFO: [ app_end ] --END-- [ RunTime:0.015859s ]

[ 2019-07-25T14:22:01+08:00 ] ::1 /caow/index.php?s=/index/products.html
INFO: [ app_init ] --START--
INFO: Run Behavior\BuildLiteBehavior [ RunTime:0.000008s ]
INFO: [ app_init ] --END-- [ RunTime:0.000043s ]
INFO: [ app_begin ] --START--
INFO: Run Behavior\ReadHtmlCacheBehavior [ RunTime:0.000399s ]
INFO: Run Behavior\CheckLangBehavior [ RunTime:0.000796s ]
INFO: [ app_begin ] --END-- [ RunTime:0.001256s ]
INFO: [ action_begin ] --START--
INFO: Run Common\Behavior\InitHookBehavior [ RunTime:0.002137s ]
INFO: [ action_begin ] --END-- [ RunTime:0.002204s ]
SQL: SHOW COLUMNS FROM `ct_config` [ RunTime:0.0270s ]
SQL: SELECT `type`,`name`,`value` FROM `ct_config` WHERE `status` = 1  [ RunTime:0.0004s ]
SQL: SHOW COLUMNS FROM `ct_message` [ RunTime:0.0122s ]
SQL: SELECT COUNT(*) AS tp_count FROM `ct_message` WHERE `to_uid` = 0 AND `is_read` = 0 LIMIT 1   [ RunTime:0.0002s ]
SQL: SHOW COLUMNS FROM `ct_slider` [ RunTime:0.0154s ]
SQL: SELECT * FROM `ct_slider` WHERE `status` = 1 ORDER BY `sort` DESC, `create_time` DESC LIMIT 0,5   [ RunTime:0.0002s ]
NOTIC: [8] Undefined index: p D:\phpStudy\WWW\caow\Application\Home\Controller\IndexController.class.php 第 144 行.
NOTIC: [8] Undefined index: p D:\phpStudy\WWW\caow\Application\Home\Controller\IndexController.class.php 第 153 行.
INFO: [ view_parse ] --START--
INFO: [ template_filter ] --START--
INFO: Run Behavior\ContentReplaceBehavior [ RunTime:0.000101s ]
INFO: [ template_filter ] --END-- [ RunTime:0.000148s ]
NOTIC: [8] Undefined variable: meta_keywords D:\phpStudy\WWW\caow\Runtime\Cache\Home\4792558c740cf25e3300ce46ed2aa3e0.php 第 8 行.
NOTIC: [8] Undefined variable: meta_description D:\phpStudy\WWW\caow\Runtime\Cache\Home\4792558c740cf25e3300ce46ed2aa3e0.php 第 9 行.
INFO: Run Behavior\ParseTemplateBehavior [ RunTime:0.073831s ]
INFO: [ view_parse ] --END-- [ RunTime:0.073893s ]
INFO: [ view_filter ] --START--
INFO: Run Behavior\WriteHtmlCacheBehavior [ RunTime:0.000706s ]
INFO: [ view_filter ] --END-- [ RunTime:0.000767s ]
INFO: [ app_end ] --START--
INFO: Run Behavior\ShowPageTraceBehavior [ RunTime:0.002190s ]
INFO: [ app_end ] --END-- [ RunTime:0.002400s ]

[ 2019-07-25T14:22:05+08:00 ] ::1 /caow/index.php?s=/index/video.html
INFO: [ app_init ] --START--
INFO: Run Behavior\BuildLiteBehavior [ RunTime:0.000020s ]
INFO: [ app_init ] --END-- [ RunTime:0.000101s ]
INFO: [ app_begin ] --START--
INFO: Run Behavior\ReadHtmlCacheBehavior [ RunTime:0.001505s ]
INFO: Run Behavior\CheckLangBehavior [ RunTime:0.001929s ]
INFO: [ app_begin ] --END-- [ RunTime:0.003579s ]
INFO: [ action_begin ] --START--
INFO: Run Common\Behavior\InitHookBehavior [ RunTime:0.004720s ]
INFO: [ action_begin ] --END-- [ RunTime:0.004813s ]
SQL: SHOW COLUMNS FROM `ct_config` [ RunTime:0.0338s ]
SQL: SELECT `type`,`name`,`value` FROM `ct_config` WHERE `status` = 1  [ RunTime:0.0006s ]
SQL: SHOW COLUMNS FROM `ct_message` [ RunTime:0.0149s ]
SQL: SELECT COUNT(*) AS tp_count FROM `ct_message` WHERE `to_uid` = 0 AND `is_read` = 0 LIMIT 1   [ RunTime:0.0005s ]
SQL: SHOW COLUMNS FROM `ct_slider` [ RunTime:0.0138s ]
SQL: SELECT * FROM `ct_slider` WHERE `status` = 1 ORDER BY `sort` DESC, `create_time` DESC LIMIT 0,5   [ RunTime:0.0006s ]
NOTIC: [8] Undefined index: p D:\phpStudy\WWW\caow\Application\Home\Controller\IndexController.class.php 第 208 行.
INFO: [ view_parse ] --START--
INFO: [ template_filter ] --START--
INFO: Run Behavior\ContentReplaceBehavior [ RunTime:0.000305s ]
INFO: [ template_filter ] --END-- [ RunTime:0.000499s ]
NOTIC: [8] Undefined variable: meta_keywords D:\phpStudy\WWW\caow\Runtime\Cache\Home\6ca94c4a07db8988bf84f6a0625c5caa.php 第 8 行.
NOTIC: [8] Undefined variable: meta_description D:\phpStudy\WWW\caow\Runtime\Cache\Home\6ca94c4a07db8988bf84f6a0625c5caa.php 第 9 行.
INFO: Run Behavior\ParseTemplateBehavior [ RunTime:0.078969s ]
INFO: [ view_parse ] --END-- [ RunTime:0.079093s ]
INFO: [ view_filter ] --START--
INFO: Run Behavior\WriteHtmlCacheBehavior [ RunTime:0.001393s ]
INFO: [ view_filter ] --END-- [ RunTime:0.001559s ]
INFO: [ app_end ] --START--
INFO: Run Behavior\ShowPageTraceBehavior [ RunTime:0.000619s ]
INFO: [ app_end ] --END-- [ RunTime:0.000683s ]

[ 2019-07-25T14:22:08+08:00 ] ::1 /caow/index.php?s=/index/connects.html
INFO: [ app_init ] --START--
INFO: Run Behavior\BuildLiteBehavior [ RunTime:0.000011s ]
INFO: [ app_init ] --END-- [ RunTime:0.000069s ]
INFO: [ app_begin ] --START--
INFO: Run Behavior\ReadHtmlCacheBehavior [ RunTime:0.000605s ]
INFO: Run Behavior\CheckLangBehavior [ RunTime:0.001828s ]
INFO: [ app_begin ] --END-- [ RunTime:0.002560s ]
INFO: [ action_begin ] --START--
INFO: Run Common\Behavior\InitHookBehavior [ RunTime:0.001910s ]
INFO: [ action_begin ] --END-- [ RunTime:0.001965s ]
SQL: SHOW COLUMNS FROM `ct_config` [ RunTime:0.0191s ]
SQL: SELECT `type`,`name`,`value` FROM `ct_config` WHERE `status` = 1  [ RunTime:0.0006s ]
SQL: SHOW COLUMNS FROM `ct_message` [ RunTime:0.0118s ]
SQL: SELECT COUNT(*) AS tp_count FROM `ct_message` WHERE `to_uid` = 0 AND `is_read` = 0 LIMIT 1   [ RunTime:0.0005s ]
SQL: SHOW COLUMNS FROM `ct_slider` [ RunTime:0.0149s ]
SQL: SELECT * FROM `ct_slider` WHERE `status` = 1 ORDER BY `sort` DESC, `create_time` DESC LIMIT 0,5   [ RunTime:0.0004s ]
INFO: [ view_parse ] --START--
INFO: [ template_filter ] --START--
INFO: Run Behavior\ContentReplaceBehavior [ RunTime:0.000104s ]
INFO: [ template_filter ] --END-- [ RunTime:0.000149s ]
NOTIC: [8] Undefined variable: meta_keywords D:\phpStudy\WWW\caow\Runtime\Cache\Home\50dc0f76a3ee2144802bd837d4082e6f.php 第 8 行.
NOTIC: [8] Undefined variable: meta_description D:\phpStudy\WWW\caow\Runtime\Cache\Home\50dc0f76a3ee2144802bd837d4082e6f.php 第 9 行.
INFO: Run Behavior\ParseTemplateBehavior [ RunTime:0.087285s ]
INFO: [ view_parse ] --END-- [ RunTime:0.087375s ]
INFO: [ view_filter ] --START--
INFO: Run Behavior\WriteHtmlCacheBehavior [ RunTime:0.000554s ]
INFO: [ view_filter ] --END-- [ RunTime:0.000591s ]
INFO: [ app_end ] --START--
INFO: Run Behavior\ShowPageTraceBehavior [ RunTime:0.000673s ]
INFO: [ app_end ] --END-- [ RunTime:0.000714s ]

[ 2019-07-25T14:22:22+08:00 ] ::1 /caow/index.php?s=/index/index.html
INFO: [ app_init ] --START--
INFO: Run Behavior\BuildLiteBehavior [ RunTime:0.000070s ]
INFO: [ app_init ] --END-- [ RunTime:0.000152s ]
INFO: [ app_begin ] --START--
INFO: Run Behavior\ReadHtmlCacheBehavior [ RunTime:0.001110s ]
INFO: Run Behavior\CheckLangBehavior [ RunTime:0.001824s ]
INFO: [ app_begin ] --END-- [ RunTime:0.003095s ]
INFO: [ action_begin ] --START--
INFO: Run Common\Behavior\InitHookBehavior [ RunTime:0.003272s ]
INFO: [ action_begin ] --END-- [ RunTime:0.003358s ]
SQL: SHOW COLUMNS FROM `ct_config` [ RunTime:0.0450s ]
SQL: SELECT `type`,`name`,`value` FROM `ct_config` WHERE `status` = 1  [ RunTime:0.0007s ]
SQL: SHOW COLUMNS FROM `ct_message` [ RunTime:0.0154s ]
SQL: SELECT COUNT(*) AS tp_count FROM `ct_message` WHERE `to_uid` = 0 AND `is_read` = 0 LIMIT 1   [ RunTime:0.0002s ]
SQL: SHOW COLUMNS FROM `ct_slider` [ RunTime:0.0167s ]
SQL: SELECT * FROM `ct_slider` WHERE `status` = 1 ORDER BY `sort` DESC, `create_time` DESC LIMIT 0,5   [ RunTime:0.0002s ]
INFO: [ view_parse ] --START--
INFO: [ template_filter ] --START--
INFO: Run Behavior\ContentReplaceBehavior [ RunTime:0.000229s ]
INFO: [ template_filter ] --END-- [ RunTime:0.000291s ]
INFO: Run Behavior\ParseTemplateBehavior [ RunTime:0.066385s ]
INFO: [ view_parse ] --END-- [ RunTime:0.066452s ]
INFO: [ view_filter ] --START--
INFO: Run Behavior\WriteHtmlCacheBehavior [ RunTime:0.000556s ]
INFO: [ view_filter ] --END-- [ RunTime:0.000601s ]
INFO: [ app_end ] --START--
INFO: Run Behavior\ShowPageTraceBehavior [ RunTime:0.000820s ]
INFO: [ app_end ] --END-- [ RunTime:0.000893s ]

[ 2019-07-25T14:22:31+08:00 ] ::1 /caow/index.php?s=/index/product_detail/id/23781.html
INFO: [ app_init ] --START--
INFO: Run Behavior\BuildLiteBehavior [ RunTime:0.000011s ]
INFO: [ app_init ] --END-- [ RunTime:0.000064s ]
INFO: [ app_begin ] --START--
INFO: Run Behavior\ReadHtmlCacheBehavior [ RunTime:0.000478s ]
INFO: Run Behavior\CheckLangBehavior [ RunTime:0.001027s ]
INFO: [ app_begin ] --END-- [ RunTime:0.001626s ]
INFO: [ action_begin ] --START--
INFO: Run Common\Behavior\InitHookBehavior [ RunTime:0.002202s ]
INFO: [ action_begin ] --END-- [ RunTime:0.002252s ]
SQL: SHOW COLUMNS FROM `ct_config` [ RunTime:0.0223s ]
SQL: SELECT `type`,`name`,`value` FROM `ct_config` WHERE `status` = 1  [ RunTime:0.0005s ]
SQL: SHOW COLUMNS FROM `ct_message` [ RunTime:0.0141s ]
SQL: SELECT COUNT(*) AS tp_count FROM `ct_message` WHERE `to_uid` = 0 AND `is_read` = 0 LIMIT 1   [ RunTime:0.0002s ]
SQL: SHOW COLUMNS FROM `ct_slider` [ RunTime:0.0169s ]
SQL: SELECT * FROM `ct_slider` WHERE `status` = 1 ORDER BY `sort` DESC, `create_time` DESC LIMIT 0,5   [ RunTime:0.0003s ]
NOTIC: [8] Undefined index: p D:\phpStudy\WWW\caow\Application\Home\Controller\IndexController.class.php 第 282 行.
INFO: [ view_parse ] --START--
INFO: [ template_filter ] --START--
INFO: Run Behavior\ContentReplaceBehavior [ RunTime:0.000091s ]
INFO: [ template_filter ] --END-- [ RunTime:0.000167s ]
NOTIC: [8] Undefined variable: meta_keywords D:\phpStudy\WWW\caow\Runtime\Cache\Home\c277e14b007901cbb4daff21847662d9.php 第 8 行.
NOTIC: [8] Undefined variable: meta_description D:\phpStudy\WWW\caow\Runtime\Cache\Home\c277e14b007901cbb4daff21847662d9.php 第 9 行.
INFO: Run Behavior\ParseTemplateBehavior [ RunTime:0.037763s ]
INFO: [ view_parse ] --END-- [ RunTime:0.037807s ]
INFO: [ view_filter ] --START--
INFO: Run Behavior\WriteHtmlCacheBehavior [ RunTime:0.000321s ]
INFO: [ view_filter ] --END-- [ RunTime:0.000352s ]
INFO: [ app_end ] --START--
INFO: Run Behavior\ShowPageTraceBehavior [ RunTime:0.001548s ]
INFO: [ app_end ] --END-- [ RunTime:0.001702s ]

[ 2019-07-25T17:30:48+08:00 ] ::1 /caow/
INFO: [ app_init ] --START--
INFO: Run Behavior\BuildLiteBehavior [ RunTime:0.000014s ]
INFO: [ app_init ] --END-- [ RunTime:0.000094s ]
INFO: [ app_begin ] --START--
INFO: Run Behavior\ReadHtmlCacheBehavior [ RunTime:0.003252s ]
INFO: Run Behavior\CheckLangBehavior [ RunTime:0.019313s ]
INFO: [ app_begin ] --END-- [ RunTime:0.022704s ]
INFO: [ action_begin ] --START--
INFO: Run Common\Behavior\InitHookBehavior [ RunTime:0.047823s ]
INFO: [ action_begin ] --END-- [ RunTime:0.047891s ]
SQL: SHOW COLUMNS FROM `ct_config` [ RunTime:0.0500s ]
SQL: SELECT `type`,`name`,`value` FROM `ct_config` WHERE `status` = 1  [ RunTime:0.0010s ]
SQL: SHOW COLUMNS FROM `ct_message` [ RunTime:0.0275s ]
SQL: SELECT COUNT(*) AS tp_count FROM `ct_message` WHERE `to_uid` = 0 AND `is_read` = 0 LIMIT 1   [ RunTime:0.0004s ]
SQL: SHOW COLUMNS FROM `ct_slider` [ RunTime:0.0404s ]
SQL: SELECT * FROM `ct_slider` WHERE `status` = 1 ORDER BY `sort` DESC, `create_time` DESC LIMIT 0,5   [ RunTime:0.0003s ]
INFO: [ view_parse ] --START--
INFO: [ template_filter ] --START--
INFO: Run Behavior\ContentReplaceBehavior [ RunTime:0.000253s ]
INFO: [ template_filter ] --END-- [ RunTime:0.000359s ]
INFO: Run Behavior\ParseTemplateBehavior [ RunTime:0.519917s ]
INFO: [ view_parse ] --END-- [ RunTime:0.519998s ]
INFO: [ view_filter ] --START--
INFO: Run Behavior\WriteHtmlCacheBehavior [ RunTime:0.014070s ]
INFO: [ view_filter ] --END-- [ RunTime:0.014127s ]
INFO: [ app_end ] --START--
INFO: Run Behavior\ShowPageTraceBehavior [ RunTime:0.028538s ]
INFO: [ app_end ] --END-- [ RunTime:0.028665s ]

[ 2019-07-25T17:30:54+08:00 ] ::1 /caow/index.php?s=/index/products.html
INFO: [ app_init ] --START--
INFO: Run Behavior\BuildLiteBehavior [ RunTime:0.000008s ]
INFO: [ app_init ] --END-- [ RunTime:0.000048s ]
INFO: [ app_begin ] --START--
INFO: Run Behavior\ReadHtmlCacheBehavior [ RunTime:0.000821s ]
INFO: Run Behavior\CheckLangBehavior [ RunTime:0.001822s ]
INFO: [ app_begin ] --END-- [ RunTime:0.002715s ]
INFO: [ action_begin ] --START--
INFO: Run Common\Behavior\InitHookBehavior [ RunTime:0.003410s ]
INFO: [ action_begin ] --END-- [ RunTime:0.003477s ]
SQL: SHOW COLUMNS FROM `ct_config` [ RunTime:0.0295s ]
SQL: SELECT `type`,`name`,`value` FROM `ct_config` WHERE `status` = 1  [ RunTime:0.0017s ]
SQL: SHOW COLUMNS FROM `ct_message` [ RunTime:0.0131s ]
SQL: SELECT COUNT(*) AS tp_count FROM `ct_message` WHERE `to_uid` = 0 AND `is_read` = 0 LIMIT 1   [ RunTime:0.0002s ]
SQL: SHOW COLUMNS FROM `ct_slider` [ RunTime:0.0117s ]
SQL: SELECT * FROM `ct_slider` WHERE `status` = 1 ORDER BY `sort` DESC, `create_time` DESC LIMIT 0,5   [ RunTime:0.0003s ]
NOTIC: [8] Undefined index: p D:\phpStudy\WWW\caow\Application\Home\Controller\IndexController.class.php 第 144 行.
NOTIC: [8] Undefined index: p D:\phpStudy\WWW\caow\Application\Home\Controller\IndexController.class.php 第 153 行.
INFO: [ view_parse ] --START--
INFO: [ template_filter ] --START--
INFO: Run Behavior\ContentReplaceBehavior [ RunTime:0.000087s ]
INFO: [ template_filter ] --END-- [ RunTime:0.000122s ]
NOTIC: [8] Undefined variable: meta_keywords D:\phpStudy\WWW\caow\Runtime\Cache\Home\4792558c740cf25e3300ce46ed2aa3e0.php 第 8 行.
NOTIC: [8] Undefined variable: meta_description D:\phpStudy\WWW\caow\Runtime\Cache\Home\4792558c740cf25e3300ce46ed2aa3e0.php 第 9 行.
INFO: Run Behavior\ParseTemplateBehavior [ RunTime:0.108355s ]
INFO: [ view_parse ] --END-- [ RunTime:0.108407s ]
INFO: [ view_filter ] --START--
INFO: Run Behavior\WriteHtmlCacheBehavior [ RunTime:0.000830s ]
INFO: [ view_filter ] --END-- [ RunTime:0.000861s ]
INFO: [ app_end ] --START--
INFO: Run Behavior\ShowPageTraceBehavior [ RunTime:0.001456s ]
INFO: [ app_end ] --END-- [ RunTime:0.001541s ]

[ 2019-07-25T17:31:23+08:00 ] ::1 /caow/index.php?s=/index/products.html
INFO: [ app_init ] --START--
INFO: Run Behavior\BuildLiteBehavior [ RunTime:0.000008s ]
INFO: [ app_init ] --END-- [ RunTime:0.000051s ]
INFO: [ app_begin ] --START--
INFO: Run Behavior\ReadHtmlCacheBehavior [ RunTime:0.001230s ]
INFO: Run Behavior\CheckLangBehavior [ RunTime:0.008477s ]
INFO: [ app_begin ] --END-- [ RunTime:0.009803s ]
INFO: [ action_begin ] --START--
INFO: Run Common\Behavior\InitHookBehavior [ RunTime:0.016061s ]
INFO: [ action_begin ] --END-- [ RunTime:0.016172s ]
SQL: SHOW COLUMNS FROM `ct_config` [ RunTime:0.0486s ]
SQL: SELECT `type`,`name`,`value` FROM `ct_config` WHERE `status` = 1  [ RunTime:0.0055s ]
SQL: SHOW COLUMNS FROM `ct_message` [ RunTime:0.0412s ]
SQL: SELECT COUNT(*) AS tp_count FROM `ct_message` WHERE `to_uid` = 0 AND `is_read` = 0 LIMIT 1   [ RunTime:0.0003s ]
SQL: SHOW COLUMNS FROM `ct_slider` [ RunTime:0.0337s ]
SQL: SELECT * FROM `ct_slider` WHERE `status` = 1 ORDER BY `sort` DESC, `create_time` DESC LIMIT 0,5   [ RunTime:0.0004s ]
NOTIC: [8] Undefined index: p D:\phpStudy\WWW\caow\Application\Home\Controller\IndexController.class.php 第 144 行.
NOTIC: [8] Undefined index: p D:\phpStudy\WWW\caow\Application\Home\Controller\IndexController.class.php 第 153 行.
INFO: [ view_parse ] --START--
INFO: [ template_filter ] --START--
INFO: Run Behavior\ContentReplaceBehavior [ RunTime:0.000123s ]
INFO: [ template_filter ] --END-- [ RunTime:0.000179s ]
NOTIC: [8] Undefined variable: meta_keywords D:\phpStudy\WWW\caow\Runtime\Cache\Home\4792558c740cf25e3300ce46ed2aa3e0.php 第 8 行.
NOTIC: [8] Undefined variable: meta_description D:\phpStudy\WWW\caow\Runtime\Cache\Home\4792558c740cf25e3300ce46ed2aa3e0.php 第 9 行.
INFO: Run Behavior\ParseTemplateBehavior [ RunTime:0.085893s ]
INFO: [ view_parse ] --END-- [ RunTime:0.085958s ]
INFO: [ view_filter ] --START--
INFO: Run Behavior\WriteHtmlCacheBehavior [ RunTime:0.001027s ]
INFO: [ view_filter ] --END-- [ RunTime:0.001072s ]
INFO: [ app_end ] --START--
INFO: Run Behavior\ShowPageTraceBehavior [ RunTime:0.001535s ]
INFO: [ app_end ] --END-- [ RunTime:0.001631s ]

[ 2019-07-25T17:32:34+08:00 ] ::1 /caow/index.php?s=/index/product_detail/id/23788.html
INFO: [ app_init ] --START--
INFO: Run Behavior\BuildLiteBehavior [ RunTime:0.000009s ]
INFO: [ app_init ] --END-- [ RunTime:0.000051s ]
INFO: [ app_begin ] --START--
INFO: Run Behavior\ReadHtmlCacheBehavior [ RunTime:0.000919s ]
INFO: Run Behavior\CheckLangBehavior [ RunTime:0.001625s ]
INFO: [ app_begin ] --END-- [ RunTime:0.002681s ]
INFO: [ action_begin ] --START--
INFO: Run Common\Behavior\InitHookBehavior [ RunTime:0.005352s ]
INFO: [ action_begin ] --END-- [ RunTime:0.005417s ]
SQL: SHOW COLUMNS FROM `ct_config` [ RunTime:0.0232s ]
SQL: SELECT `type`,`name`,`value` FROM `ct_config` WHERE `status` = 1  [ RunTime:0.0004s ]
SQL: SHOW COLUMNS FROM `ct_message` [ RunTime:0.0150s ]
SQL: SELECT COUNT(*) AS tp_count FROM `ct_message` WHERE `to_uid` = 0 AND `is_read` = 0 LIMIT 1   [ RunTime:0.0003s ]
SQL: SHOW COLUMNS FROM `ct_slider` [ RunTime:0.0163s ]
SQL: SELECT * FROM `ct_slider` WHERE `status` = 1 ORDER BY `sort` DESC, `create_time` DESC LIMIT 0,5   [ RunTime:0.0002s ]
NOTIC: [8] Undefined index: p D:\phpStudy\WWW\caow\Application\Home\Controller\IndexController.class.php 第 282 行.
INFO: [ view_parse ] --START--
INFO: [ template_filter ] --START--
INFO: Run Behavior\ContentReplaceBehavior [ RunTime:0.000078s ]
INFO: [ template_filter ] --END-- [ RunTime:0.000115s ]
NOTIC: [8] Undefined variable: meta_keywords D:\phpStudy\WWW\caow\Runtime\Cache\Home\c277e14b007901cbb4daff21847662d9.php 第 8 行.
NOTIC: [8] Undefined variable: meta_description D:\phpStudy\WWW\caow\Runtime\Cache\Home\c277e14b007901cbb4daff21847662d9.php 第 9 行.
INFO: Run Behavior\ParseTemplateBehavior [ RunTime:0.091763s ]
INFO: [ view_parse ] --END-- [ RunTime:0.091871s ]
INFO: [ view_filter ] --START--
INFO: Run Behavior\WriteHtmlCacheBehavior [ RunTime:0.001734s ]
INFO: [ view_filter ] --END-- [ RunTime:0.001795s ]
INFO: [ app_end ] --START--
INFO: Run Behavior\ShowPageTraceBehavior [ RunTime:0.007775s ]
INFO: [ app_end ] --END-- [ RunTime:0.008438s ]

[ 2019-07-25T17:33:15+08:00 ] ::1 /caow/index.php?s=/index/products.html
INFO: [ app_init ] --START--
INFO: Run Behavior\BuildLiteBehavior [ RunTime:0.000012s ]
INFO: [ app_init ] --END-- [ RunTime:0.000073s ]
INFO: [ app_begin ] --START--
INFO: Run Behavior\ReadHtmlCacheBehavior [ RunTime:0.000610s ]
INFO: Run Behavior\CheckLangBehavior [ RunTime:0.001931s ]
INFO: [ app_begin ] --END-- [ RunTime:0.002616s ]
INFO: [ action_begin ] --START--
INFO: Run Common\Behavior\InitHookBehavior [ RunTime:0.006998s ]
INFO: [ action_begin ] --END-- [ RunTime:0.007048s ]
SQL: SHOW COLUMNS FROM `ct_config` [ RunTime:0.0188s ]
SQL: SELECT `type`,`name`,`value` FROM `ct_config` WHERE `status` = 1  [ RunTime:0.0005s ]
SQL: SHOW COLUMNS FROM `ct_message` [ RunTime:0.0164s ]
SQL: SELECT COUNT(*) AS tp_count FROM `ct_message` WHERE `to_uid` = 0 AND `is_read` = 0 LIMIT 1   [ RunTime:0.0002s ]
SQL: SHOW COLUMNS FROM `ct_slider` [ RunTime:0.0147s ]
SQL: SELECT * FROM `ct_slider` WHERE `status` = 1 ORDER BY `sort` DESC, `create_time` DESC LIMIT 0,5   [ RunTime:0.0002s ]
NOTIC: [8] Undefined index: p D:\phpStudy\WWW\caow\Application\Home\Controller\IndexController.class.php 第 144 行.
NOTIC: [8] Undefined index: p D:\phpStudy\WWW\caow\Application\Home\Controller\IndexController.class.php 第 153 行.
INFO: [ view_parse ] --START--
INFO: [ template_filter ] --START--
INFO: Run Behavior\ContentReplaceBehavior [ RunTime:0.000361s ]
INFO: [ template_filter ] --END-- [ RunTime:0.000446s ]
NOTIC: [8] Undefined variable: meta_keywords D:\phpStudy\WWW\caow\Runtime\Cache\Home\4792558c740cf25e3300ce46ed2aa3e0.php 第 8 行.
NOTIC: [8] Undefined variable: meta_description D:\phpStudy\WWW\caow\Runtime\Cache\Home\4792558c740cf25e3300ce46ed2aa3e0.php 第 9 行.
INFO: Run Behavior\ParseTemplateBehavior [ RunTime:0.177935s ]
INFO: [ view_parse ] --END-- [ RunTime:0.177999s ]
INFO: [ view_filter ] --START--
INFO: Run Behavior\WriteHtmlCacheBehavior [ RunTime:0.002696s ]
INFO: [ view_filter ] --END-- [ RunTime:0.002737s ]
INFO: [ app_end ] --START--
INFO: Run Behavior\ShowPageTraceBehavior [ RunTime:0.001374s ]
INFO: [ app_end ] --END-- [ RunTime:0.001466s ]

[ 2019-07-25T17:35:16+08:00 ] ::1 /caow/index.php?s=/index/products.html
INFO: [ app_init ] --START--
INFO: Run Behavior\BuildLiteBehavior [ RunTime:0.000014s ]
INFO: [ app_init ] --END-- [ RunTime:0.000088s ]
INFO: [ app_begin ] --START--
INFO: Run Behavior\ReadHtmlCacheBehavior [ RunTime:0.007641s ]
INFO: Run Behavior\CheckLangBehavior [ RunTime:0.012243s ]
INFO: [ app_begin ] --END-- [ RunTime:0.019990s ]
INFO: [ action_begin ] --START--
INFO: Run Common\Behavior\InitHookBehavior [ RunTime:0.045413s ]
INFO: [ action_begin ] --END-- [ RunTime:0.045504s ]
SQL: SHOW COLUMNS FROM `ct_config` [ RunTime:0.0284s ]
SQL: SELECT `type`,`name`,`value` FROM `ct_config` WHERE `status` = 1  [ RunTime:0.0004s ]
SQL: SHOW COLUMNS FROM `ct_message` [ RunTime:0.0163s ]
SQL: SELECT COUNT(*) AS tp_count FROM `ct_message` WHERE `to_uid` = 0 AND `is_read` = 0 LIMIT 1   [ RunTime:0.0003s ]
SQL: SHOW COLUMNS FROM `ct_slider` [ RunTime:0.0183s ]
SQL: SELECT * FROM `ct_slider` WHERE `status` = 1 ORDER BY `sort` DESC, `create_time` DESC LIMIT 0,5   [ RunTime:0.0003s ]
NOTIC: [8] Undefined index: p D:\phpStudy\WWW\caow\Application\Home\Controller\IndexController.class.php 第 144 行.
NOTIC: [8] Undefined index: p D:\phpStudy\WWW\caow\Application\Home\Controller\IndexController.class.php 第 153 行.
INFO: [ view_parse ] --START--
INFO: [ template_filter ] --START--
INFO: Run Behavior\ContentReplaceBehavior [ RunTime:0.000107s ]
INFO: [ template_filter ] --END-- [ RunTime:0.000156s ]
NOTIC: [8] Undefined variable: meta_keywords D:\phpStudy\WWW\caow\Runtime\Cache\Home\4792558c740cf25e3300ce46ed2aa3e0.php 第 8 行.
NOTIC: [8] Undefined variable: meta_description D:\phpStudy\WWW\caow\Runtime\Cache\Home\4792558c740cf25e3300ce46ed2aa3e0.php 第 9 行.
INFO: Run Behavior\ParseTemplateBehavior [ RunTime:0.397808s ]
INFO: [ view_parse ] --END-- [ RunTime:0.397859s ]
INFO: [ view_filter ] --START--
INFO: Run Behavior\WriteHtmlCacheBehavior [ RunTime:0.012616s ]
INFO: [ view_filter ] --END-- [ RunTime:0.012656s ]
INFO: [ app_end ] --START--
INFO: Run Behavior\ShowPageTraceBehavior [ RunTime:0.013982s ]
INFO: [ app_end ] --END-- [ RunTime:0.014072s ]

[ 2019-07-25T17:35:17+08:00 ] ::1 /caow/index.php?s=/index/products.html
INFO: [ app_init ] --START--
INFO: Run Behavior\BuildLiteBehavior [ RunTime:0.000015s ]
INFO: [ app_init ] --END-- [ RunTime:0.000094s ]
INFO: [ app_begin ] --START--
INFO: Run Behavior\ReadHtmlCacheBehavior [ RunTime:0.000679s ]
INFO: Run Behavior\CheckLangBehavior [ RunTime:0.001381s ]
INFO: [ app_begin ] --END-- [ RunTime:0.002143s ]
INFO: [ action_begin ] --START--
INFO: Run Common\Behavior\InitHookBehavior [ RunTime:0.005211s ]
INFO: [ action_begin ] --END-- [ RunTime:0.005312s ]
SQL: SHOW COLUMNS FROM `ct_config` [ RunTime:0.0255s ]
SQL: SELECT `type`,`name`,`value` FROM `ct_config` WHERE `status` = 1  [ RunTime:0.0011s ]
SQL: SHOW COLUMNS FROM `ct_message` [ RunTime:0.0127s ]
SQL: SELECT COUNT(*) AS tp_count FROM `ct_message` WHERE `to_uid` = 0 AND `is_read` = 0 LIMIT 1   [ RunTime:0.0002s ]
SQL: SHOW COLUMNS FROM `ct_slider` [ RunTime:0.0130s ]
SQL: SELECT * FROM `ct_slider` WHERE `status` = 1 ORDER BY `sort` DESC, `create_time` DESC LIMIT 0,5   [ RunTime:0.0002s ]
NOTIC: [8] Undefined index: p D:\phpStudy\WWW\caow\Application\Home\Controller\IndexController.class.php 第 144 行.
NOTIC: [8] Undefined index: p D:\phpStudy\WWW\caow\Application\Home\Controller\IndexController.class.php 第 153 行.
INFO: [ view_parse ] --START--
INFO: [ template_filter ] --START--
INFO: Run Behavior\ContentReplaceBehavior [ RunTime:0.000182s ]
INFO: [ template_filter ] --END-- [ RunTime:0.000235s ]
NOTIC: [8] Undefined variable: meta_keywords D:\phpStudy\WWW\caow\Runtime\Cache\Home\4792558c740cf25e3300ce46ed2aa3e0.php 第 8 行.
NOTIC: [8] Undefined variable: meta_description D:\phpStudy\WWW\caow\Runtime\Cache\Home\4792558c740cf25e3300ce46ed2aa3e0.php 第 9 行.
INFO: Run Behavior\ParseTemplateBehavior [ RunTime:0.048960s ]
INFO: [ view_parse ] --END-- [ RunTime:0.050551s ]
INFO: [ view_filter ] --START--
INFO: Run Behavior\WriteHtmlCacheBehavior [ RunTime:0.000912s ]
INFO: [ view_filter ] --END-- [ RunTime:0.001010s ]
INFO: [ app_end ] --START--
INFO: Run Behavior\ShowPageTraceBehavior [ RunTime:0.002397s ]
INFO: [ app_end ] --END-- [ RunTime:0.002610s ]

[ 2019-07-25T17:35:20+08:00 ] ::1 /caow/index.php?s=/index/products.html
INFO: [ app_init ] --START--
INFO: Run Behavior\BuildLiteBehavior [ RunTime:0.000012s ]
INFO: [ app_init ] --END-- [ RunTime:0.000068s ]
INFO: [ app_begin ] --START--
INFO: Run Behavior\ReadHtmlCacheBehavior [ RunTime:0.001228s ]
INFO: Run Behavior\CheckLangBehavior [ RunTime:0.002414s ]
INFO: [ app_begin ] --END-- [ RunTime:0.003960s ]
INFO: [ action_begin ] --START--
INFO: Run Common\Behavior\InitHookBehavior [ RunTime:0.004599s ]
INFO: [ action_begin ] --END-- [ RunTime:0.004691s ]
SQL: SHOW COLUMNS FROM `ct_config` [ RunTime:0.0284s ]
SQL: SELECT `type`,`name`,`value` FROM `ct_config` WHERE `status` = 1  [ RunTime:0.0008s ]
SQL: SHOW COLUMNS FROM `ct_message` [ RunTime:0.0174s ]
SQL: SELECT COUNT(*) AS tp_count FROM `ct_message` WHERE `to_uid` = 0 AND `is_read` = 0 LIMIT 1   [ RunTime:0.0003s ]
SQL: SHOW COLUMNS FROM `ct_slider` [ RunTime:0.0230s ]
SQL: SELECT * FROM `ct_slider` WHERE `status` = 1 ORDER BY `sort` DESC, `create_time` DESC LIMIT 0,5   [ RunTime:0.0003s ]
NOTIC: [8] Undefined index: p D:\phpStudy\WWW\caow\Application\Home\Controller\IndexController.class.php 第 144 行.
NOTIC: [8] Undefined index: p D:\phpStudy\WWW\caow\Application\Home\Controller\IndexController.class.php 第 153 行.
INFO: [ view_parse ] --START--
INFO: [ template_filter ] --START--
INFO: Run Behavior\ContentReplaceBehavior [ RunTime:0.000091s ]
INFO: [ template_filter ] --END-- [ RunTime:0.000130s ]
NOTIC: [8] Undefined variable: meta_keywords D:\phpStudy\WWW\caow\Runtime\Cache\Home\4792558c740cf25e3300ce46ed2aa3e0.php 第 8 行.
NOTIC: [8] Undefined variable: meta_description D:\phpStudy\WWW\caow\Runtime\Cache\Home\4792558c740cf25e3300ce46ed2aa3e0.php 第 9 行.
INFO: Run Behavior\ParseTemplateBehavior [ RunTime:0.073984s ]
INFO: [ view_parse ] --END-- [ RunTime:0.074025s ]
INFO: [ view_filter ] --START--
INFO: Run Behavior\WriteHtmlCacheBehavior [ RunTime:0.000631s ]
INFO: [ view_filter ] --END-- [ RunTime:0.000660s ]
INFO: [ app_end ] --START--
INFO: Run Behavior\ShowPageTraceBehavior [ RunTime:0.003149s ]
INFO: [ app_end ] --END-- [ RunTime:0.003249s ]

[ 2019-07-25T19:32:56+08:00 ] ::1 /caow/index.php?s=/index/products.html
INFO: [ app_init ] --START--
INFO: Run Behavior\BuildLiteBehavior [ RunTime:0.000014s ]
INFO: [ app_init ] --END-- [ RunTime:0.000077s ]
INFO: [ app_begin ] --START--
INFO: Run Behavior\ReadHtmlCacheBehavior [ RunTime:0.008868s ]
INFO: Run Behavior\CheckLangBehavior [ RunTime:0.014985s ]
INFO: [ app_begin ] --END-- [ RunTime:0.024011s ]
INFO: [ action_begin ] --START--
INFO: Run Common\Behavior\InitHookBehavior [ RunTime:0.062709s ]
INFO: [ action_begin ] --END-- [ RunTime:0.062846s ]
SQL: SHOW COLUMNS FROM `ct_config` [ RunTime:0.0370s ]
SQL: SELECT `type`,`name`,`value` FROM `ct_config` WHERE `status` = 1  [ RunTime:0.0020s ]
SQL: SHOW COLUMNS FROM `ct_message` [ RunTime:0.0590s ]
SQL: SELECT COUNT(*) AS tp_count FROM `ct_message` WHERE `to_uid` = 0 AND `is_read` = 0 LIMIT 1   [ RunTime:0.0014s ]
SQL: SHOW COLUMNS FROM `ct_slider` [ RunTime:0.0334s ]
SQL: SELECT * FROM `ct_slider` WHERE `status` = 1 ORDER BY `sort` DESC, `create_time` DESC LIMIT 0,5   [ RunTime:0.0005s ]
NOTIC: [8] Undefined index: p D:\phpStudy\WWW\caow\Application\Home\Controller\IndexController.class.php 第 144 行.
NOTIC: [8] Undefined index: p D:\phpStudy\WWW\caow\Application\Home\Controller\IndexController.class.php 第 153 行.
INFO: [ view_parse ] --START--
INFO: [ template_filter ] --START--
INFO: Run Behavior\ContentReplaceBehavior [ RunTime:0.000134s ]
INFO: [ template_filter ] --END-- [ RunTime:0.000198s ]
NOTIC: [8] Undefined variable: meta_keywords D:\phpStudy\WWW\caow\Runtime\Cache\Home\4792558c740cf25e3300ce46ed2aa3e0.php 第 8 行.
NOTIC: [8] Undefined variable: meta_description D:\phpStudy\WWW\caow\Runtime\Cache\Home\4792558c740cf25e3300ce46ed2aa3e0.php 第 9 行.
INFO: Run Behavior\ParseTemplateBehavior [ RunTime:0.390307s ]
INFO: [ view_parse ] --END-- [ RunTime:0.390363s ]
INFO: [ view_filter ] --START--
INFO: Run Behavior\WriteHtmlCacheBehavior [ RunTime:0.017045s ]
INFO: [ view_filter ] --END-- [ RunTime:0.017099s ]
INFO: [ app_end ] --START--
INFO: Run Behavior\ShowPageTraceBehavior [ RunTime:0.017818s ]
INFO: [ app_end ] --END-- [ RunTime:0.017911s ]

[ 2019-07-25T19:59:03+08:00 ] ::1 /caow/
INFO: [ app_init ] --START--
INFO: Run Behavior\BuildLiteBehavior [ RunTime:0.000010s ]
INFO: [ app_init ] --END-- [ RunTime:0.001507s ]
INFO: [ app_begin ] --START--
INFO: Run Behavior\ReadHtmlCacheBehavior [ RunTime:0.015144s ]
INFO: Run Behavior\CheckLangBehavior [ RunTime:0.068485s ]
INFO: [ app_begin ] --END-- [ RunTime:0.083807s ]
INFO: [ action_begin ] --START--
INFO: Run Common\Behavior\InitHookBehavior [ RunTime:0.086382s ]
INFO: [ action_begin ] --END-- [ RunTime:0.086436s ]
SQL: SHOW COLUMNS FROM `ct_config` [ RunTime:0.0745s ]
SQL: SELECT `type`,`name`,`value` FROM `ct_config` WHERE `status` = 1  [ RunTime:0.0010s ]
SQL: SHOW COLUMNS FROM `ct_message` [ RunTime:0.0114s ]
SQL: SELECT COUNT(*) AS tp_count FROM `ct_message` WHERE `to_uid` = 0 AND `is_read` = 0 LIMIT 1   [ RunTime:0.0058s ]
SQL: SHOW COLUMNS FROM `ct_slider` [ RunTime:0.0125s ]
SQL: SELECT * FROM `ct_slider` WHERE `status` = 1 ORDER BY `sort` DESC, `create_time` DESC LIMIT 0,5   [ RunTime:0.0003s ]
INFO: [ view_parse ] --START--
INFO: [ template_filter ] --START--
INFO: Run Behavior\ContentReplaceBehavior [ RunTime:0.000144s ]
INFO: [ template_filter ] --END-- [ RunTime:0.000181s ]
INFO: Run Behavior\ParseTemplateBehavior [ RunTime:0.424940s ]
INFO: [ view_parse ] --END-- [ RunTime:0.425009s ]
INFO: [ view_filter ] --START--
INFO: Run Behavior\WriteHtmlCacheBehavior [ RunTime:0.016938s ]
INFO: [ view_filter ] --END-- [ RunTime:0.016978s ]
INFO: [ app_end ] --START--
INFO: Run Behavior\ShowPageTraceBehavior [ RunTime:0.051753s ]
INFO: [ app_end ] --END-- [ RunTime:0.051820s ]

[ 2019-07-25T20:01:10+08:00 ] ::1 /caow/
INFO: [ app_init ] --START--
INFO: Run Behavior\BuildLiteBehavior [ RunTime:0.000009s ]
INFO: [ app_init ] --END-- [ RunTime:0.000078s ]
INFO: [ app_begin ] --START--
INFO: Run Behavior\ReadHtmlCacheBehavior [ RunTime:0.002158s ]
INFO: Run Behavior\CheckLangBehavior [ RunTime:0.006651s ]
INFO: [ app_begin ] --END-- [ RunTime:0.008904s ]
INFO: [ action_begin ] --START--
INFO: Run Common\Behavior\InitHookBehavior [ RunTime:0.024430s ]
INFO: [ action_begin ] --END-- [ RunTime:0.024491s ]
SQL: SHOW COLUMNS FROM `ct_config` [ RunTime:0.0811s ]
SQL: SELECT `type`,`name`,`value` FROM `ct_config` WHERE `status` = 1  [ RunTime:0.0008s ]
SQL: SHOW COLUMNS FROM `ct_message` [ RunTime:0.0281s ]
SQL: SELECT COUNT(*) AS tp_count FROM `ct_message` WHERE `to_uid` = 0 AND `is_read` = 0 LIMIT 1   [ RunTime:0.0003s ]
SQL: SHOW COLUMNS FROM `ct_slider` [ RunTime:0.0267s ]
SQL: SELECT * FROM `ct_slider` WHERE `status` = 1 ORDER BY `sort` DESC, `create_time` DESC LIMIT 0,5   [ RunTime:0.0003s ]
INFO: [ view_parse ] --START--
INFO: [ template_filter ] --START--
INFO: Run Behavior\ContentReplaceBehavior [ RunTime:0.001445s ]
INFO: [ template_filter ] --END-- [ RunTime:0.002296s ]
INFO: Run Behavior\ParseTemplateBehavior [ RunTime:0.418221s ]
INFO: [ view_parse ] --END-- [ RunTime:0.418271s ]
INFO: [ view_filter ] --START--
INFO: Run Behavior\WriteHtmlCacheBehavior [ RunTime:0.015725s ]
INFO: [ view_filter ] --END-- [ RunTime:0.015764s ]
INFO: [ app_end ] --START--
INFO: Run Behavior\ShowPageTraceBehavior [ RunTime:0.016844s ]
INFO: [ app_end ] --END-- [ RunTime:0.016955s ]

[ 2019-07-25T20:14:36+08:00 ] ::1 /caow/
INFO: [ app_init ] --START--
INFO: Run Behavior\BuildLiteBehavior [ RunTime:0.000019s ]
INFO: [ app_init ] --END-- [ RunTime:0.000168s ]
INFO: [ app_begin ] --START--
INFO: Run Behavior\ReadHtmlCacheBehavior [ RunTime:0.020429s ]
INFO: Run Behavior\CheckLangBehavior [ RunTime:0.111470s ]
INFO: [ app_begin ] --END-- [ RunTime:0.132044s ]
INFO: [ action_begin ] --START--
INFO: Run Common\Behavior\InitHookBehavior [ RunTime:0.181725s ]
INFO: [ action_begin ] --END-- [ RunTime:0.181794s ]
SQL: SHOW COLUMNS FROM `ct_config` [ RunTime:0.0828s ]
SQL: SELECT `type`,`name`,`value` FROM `ct_config` WHERE `status` = 1  [ RunTime:0.0165s ]
SQL: SHOW COLUMNS FROM `ct_message` [ RunTime:0.0219s ]
SQL: SELECT COUNT(*) AS tp_count FROM `ct_message` WHERE `to_uid` = 0 AND `is_read` = 0 LIMIT 1   [ RunTime:0.0248s ]
SQL: SHOW COLUMNS FROM `ct_slider` [ RunTime:0.0245s ]
SQL: SELECT * FROM `ct_slider` WHERE `status` = 1 ORDER BY `sort` DESC, `create_time` DESC LIMIT 0,5   [ RunTime:0.0003s ]
INFO: [ view_parse ] --START--
INFO: [ template_filter ] --START--
INFO: Run Behavior\ContentReplaceBehavior [ RunTime:0.000144s ]
INFO: [ template_filter ] --END-- [ RunTime:0.000182s ]
INFO: Run Behavior\ParseTemplateBehavior [ RunTime:0.405121s ]
INFO: [ view_parse ] --END-- [ RunTime:0.405187s ]
INFO: [ view_filter ] --START--
INFO: Run Behavior\WriteHtmlCacheBehavior [ RunTime:0.023845s ]
INFO: [ view_filter ] --END-- [ RunTime:0.023882s ]
INFO: [ app_end ] --START--
INFO: Run Behavior\ShowPageTraceBehavior [ RunTime:0.006301s ]
INFO: [ app_end ] --END-- [ RunTime:0.006367s ]

